<?xml version="1.0" encoding="UTF-8"?>
<coverage generated="1533577837555" clover="3.2.0">
  <project timestamp="1533577837557" name="All files">
    <metrics statements="480" coveredstatements="133" conditionals="99" coveredconditionals="25" methods="98" coveredmethods="41" elements="677" coveredelements="199" complexity="0" loc="480" ncloc="480" packages="8" files="28" classes="28">
      <package name="src">
        <metrics statements="73" coveredstatements="40" conditionals="53" coveredconditionals="16" methods="21" coveredmethods="12"/>
        <file name="test-utils.js" path="/Users/Sean/Desktop/sushi-commerce/src/test-utils.js">
          <metrics statements="5" coveredstatements="4" conditionals="2" coveredconditionals="2" methods="3" coveredmethods="1"/>
          <line num="7" count="1" type="stmt"/>
          <line num="8" count="1" type="stmt"/>
          <line num="9" count="1" type="stmt"/>
          <line num="10" count="0" type="stmt"/>
          <line num="11" count="1" type="stmt"/>
        </file>
        <file name="types.js" path="/Users/Sean/Desktop/sushi-commerce/src/types.js">
          <metrics statements="0" coveredstatements="0" conditionals="0" coveredconditionals="0" methods="0" coveredmethods="0"/>
        </file>
        <file name="utils.js" path="/Users/Sean/Desktop/sushi-commerce/src/utils.js">
          <metrics statements="68" coveredstatements="36" conditionals="51" coveredconditionals="14" methods="18" coveredmethods="11"/>
          <line num="5" count="3" type="stmt"/>
          <line num="6" count="24" type="cond" truecount="6" falsecount="14"/>
          <line num="8" count="0" type="stmt"/>
          <line num="10" count="2" type="stmt"/>
          <line num="12" count="5" type="stmt"/>
          <line num="14" count="6" type="stmt"/>
          <line num="16" count="0" type="stmt"/>
          <line num="18" count="3" type="stmt"/>
          <line num="20" count="0" type="stmt"/>
          <line num="22" count="0" type="stmt"/>
          <line num="24" count="0" type="stmt"/>
          <line num="26" count="0" type="stmt"/>
          <line num="28" count="0" type="stmt"/>
          <line num="30" count="0" type="stmt"/>
          <line num="32" count="0" type="stmt"/>
          <line num="34" count="0" type="stmt"/>
          <line num="36" count="0" type="stmt"/>
          <line num="38" count="0" type="stmt"/>
          <line num="40" count="2" type="stmt"/>
          <line num="42" count="0" type="stmt"/>
          <line num="44" count="6" type="stmt"/>
          <line num="46" count="0" type="stmt"/>
          <line num="50" count="0" type="stmt"/>
          <line num="54" count="3" type="stmt"/>
          <line num="55" count="6" type="stmt"/>
          <line num="56" count="6" type="stmt"/>
          <line num="57" count="18" type="stmt"/>
          <line num="62" count="6" type="cond" truecount="1" falsecount="12"/>
          <line num="64" count="0" type="stmt"/>
          <line num="66" count="0" type="stmt"/>
          <line num="68" count="0" type="stmt"/>
          <line num="70" count="0" type="stmt"/>
          <line num="72" count="0" type="stmt"/>
          <line num="74" count="0" type="stmt"/>
          <line num="76" count="0" type="stmt"/>
          <line num="78" count="0" type="stmt"/>
          <line num="80" count="0" type="stmt"/>
          <line num="82" count="6" type="stmt"/>
          <line num="84" count="0" type="stmt"/>
          <line num="86" count="0" type="stmt"/>
          <line num="88" count="0" type="stmt"/>
          <line num="92" count="0" type="stmt"/>
          <line num="96" count="3" type="stmt"/>
          <line num="97" count="30" type="cond" truecount="2" falsecount="0"/>
          <line num="98" count="24" type="stmt"/>
          <line num="100" count="18" type="cond" truecount="3" falsecount="1"/>
          <line num="101" count="6" type="stmt"/>
          <line num="103" count="0" type="stmt"/>
          <line num="107" count="0" type="stmt"/>
          <line num="133" count="3" type="stmt"/>
          <line num="134" count="17" type="stmt"/>
          <line num="136" count="30" type="stmt"/>
          <line num="137" count="30" type="stmt"/>
          <line num="140" count="13" type="stmt"/>
          <line num="151" count="5" type="stmt"/>
          <line num="152" count="5" type="cond" truecount="2" falsecount="0"/>
          <line num="156" count="3" type="stmt"/>
          <line num="157" count="0" type="stmt"/>
          <line num="160" count="3" type="stmt"/>
          <line num="161" count="2" type="stmt"/>
          <line num="164" count="2" type="stmt"/>
          <line num="167" count="2" type="stmt"/>
          <line num="172" count="3" type="cond" truecount="0" falsecount="2"/>
          <line num="173" count="3" type="cond" truecount="0" falsecount="2"/>
          <line num="174" count="3" type="stmt"/>
          <line num="175" count="0" type="cond" truecount="0" falsecount="2"/>
          <line num="176" count="3" type="cond" truecount="0" falsecount="2"/>
          <line num="177" count="3" type="cond" truecount="0" falsecount="2"/>
        </file>
      </package>
      <package name="src.cms">
        <metrics statements="63" coveredstatements="0" conditionals="2" coveredconditionals="0" methods="14" coveredmethods="0"/>
        <file name="data-table.js" path="/Users/Sean/Desktop/sushi-commerce/src/cms/data-table.js">
          <metrics statements="12" coveredstatements="0" conditionals="0" coveredconditionals="0" methods="3" coveredmethods="0"/>
          <line num="2" count="0" type="stmt"/>
          <line num="5" count="0" type="stmt"/>
          <line num="6" count="0" type="stmt"/>
          <line num="18" count="0" type="stmt"/>
          <line num="29" count="0" type="stmt"/>
          <line num="37" count="0" type="stmt"/>
          <line num="39" count="0" type="stmt"/>
          <line num="56" count="0" type="stmt"/>
          <line num="58" count="0" type="stmt"/>
          <line num="59" count="0" type="stmt"/>
          <line num="62" count="0" type="stmt"/>
          <line num="70" count="0" type="stmt"/>
        </file>
        <file name="index.js" path="/Users/Sean/Desktop/sushi-commerce/src/cms/index.js">
          <metrics statements="11" coveredstatements="0" conditionals="0" coveredconditionals="0" methods="0" coveredmethods="0"/>
          <line num="1" count="0" type="stmt"/>
          <line num="2" count="0" type="stmt"/>
          <line num="11" count="0" type="stmt"/>
          <line num="14" count="0" type="stmt"/>
          <line num="15" count="0" type="stmt"/>
          <line num="16" count="0" type="stmt"/>
          <line num="17" count="0" type="stmt"/>
          <line num="18" count="0" type="stmt"/>
          <line num="19" count="0" type="stmt"/>
          <line num="20" count="0" type="stmt"/>
          <line num="23" count="0" type="stmt"/>
        </file>
        <file name="previews.js" path="/Users/Sean/Desktop/sushi-commerce/src/cms/previews.js">
          <metrics statements="40" coveredstatements="0" conditionals="2" coveredconditionals="0" methods="11" coveredmethods="0"/>
          <line num="2" count="0" type="stmt"/>
          <line num="3" count="0" type="stmt"/>
          <line num="4" count="0" type="stmt"/>
          <line num="5" count="0" type="stmt"/>
          <line num="6" count="0" type="stmt"/>
          <line num="7" count="0" type="stmt"/>
          <line num="8" count="0" type="stmt"/>
          <line num="28" count="0" type="stmt"/>
          <line num="30" count="0" type="stmt"/>
          <line num="49" count="0" type="stmt"/>
          <line num="58" count="0" type="stmt"/>
          <line num="62" count="0" type="stmt"/>
          <line num="64" count="0" type="stmt"/>
          <line num="92" count="0" type="stmt"/>
          <line num="95" count="0" type="stmt"/>
          <line num="104" count="0" type="stmt"/>
          <line num="106" count="0" type="stmt"/>
          <line num="122" count="0" type="stmt"/>
          <line num="131" count="0" type="stmt"/>
          <line num="135" count="0" type="stmt"/>
          <line num="137" count="0" type="stmt"/>
          <line num="166" count="0" type="stmt"/>
          <line num="175" count="0" type="stmt"/>
          <line num="185" count="0" type="stmt"/>
          <line num="193" count="0" type="stmt"/>
          <line num="196" count="0" type="stmt"/>
          <line num="198" count="0" type="stmt"/>
          <line num="199" count="0" type="stmt"/>
          <line num="202" count="0" type="stmt"/>
          <line num="206" count="0" type="stmt"/>
          <line num="222" count="0" type="stmt"/>
          <line num="230" count="0" type="stmt"/>
          <line num="233" count="0" type="stmt"/>
          <line num="235" count="0" type="stmt"/>
          <line num="236" count="0" type="stmt"/>
          <line num="239" count="0" type="stmt"/>
          <line num="243" count="0" type="stmt"/>
          <line num="245" count="0" type="stmt"/>
          <line num="248" count="0" type="stmt"/>
          <line num="284" count="0" type="stmt"/>
        </file>
      </package>
      <package name="src.components">
        <metrics statements="233" coveredstatements="91" conditionals="40" coveredconditionals="9" methods="54" coveredmethods="29"/>
        <file name="about.js" path="/Users/Sean/Desktop/sushi-commerce/src/components/about.js">
          <metrics statements="10" coveredstatements="1" conditionals="0" coveredconditionals="0" methods="2" coveredmethods="0"/>
          <line num="12" count="1" type="stmt"/>
          <line num="13" count="0" type="stmt"/>
          <line num="15" count="0" type="stmt"/>
          <line num="21" count="0" type="stmt"/>
          <line num="23" count="0" type="stmt"/>
          <line num="27" count="0" type="stmt"/>
          <line num="33" count="0" type="stmt"/>
          <line num="37" count="0" type="stmt"/>
          <line num="41" count="0" type="stmt"/>
          <line num="46" count="0" type="stmt"/>
        </file>
        <file name="banner.js" path="/Users/Sean/Desktop/sushi-commerce/src/components/banner.js">
          <metrics statements="11" coveredstatements="1" conditionals="0" coveredconditionals="0" methods="1" coveredmethods="0"/>
          <line num="22" count="1" type="stmt"/>
          <line num="29" count="0" type="stmt"/>
          <line num="31" count="0" type="stmt"/>
          <line num="60" count="0" type="stmt"/>
          <line num="62" count="0" type="stmt"/>
          <line num="66" count="0" type="stmt"/>
          <line num="79" count="0" type="stmt"/>
          <line num="86" count="0" type="stmt"/>
          <line num="93" count="0" type="stmt"/>
          <line num="100" count="0" type="stmt"/>
          <line num="105" count="0" type="stmt"/>
        </file>
        <file name="buttons.js" path="/Users/Sean/Desktop/sushi-commerce/src/components/buttons.js">
          <metrics statements="32" coveredstatements="0" conditionals="0" coveredconditionals="0" methods="1" coveredmethods="0"/>
          <line num="3" count="0" type="stmt"/>
          <line num="4" count="0" type="stmt"/>
          <line num="8" count="0" type="stmt"/>
          <line num="9" count="0" type="stmt"/>
          <line num="21" count="0" type="stmt"/>
          <line num="29" count="0" type="stmt"/>
          <line num="35" count="0" type="stmt"/>
          <line num="40" count="0" type="stmt"/>
          <line num="51" count="0" type="stmt"/>
          <line num="52" count="0" type="stmt"/>
          <line num="56" count="0" type="stmt"/>
          <line num="69" count="0" type="stmt"/>
          <line num="73" count="0" type="stmt"/>
          <line num="77" count="0" type="stmt"/>
          <line num="88" count="0" type="stmt"/>
          <line num="92" count="0" type="stmt"/>
          <line num="105" count="0" type="stmt"/>
          <line num="107" count="0" type="stmt"/>
          <line num="112" count="0" type="stmt"/>
          <line num="130" count="0" type="stmt"/>
          <line num="132" count="0" type="stmt"/>
          <line num="143" count="0" type="stmt"/>
          <line num="164" count="0" type="stmt"/>
          <line num="179" count="0" type="stmt"/>
          <line num="181" count="0" type="stmt"/>
          <line num="202" count="0" type="stmt"/>
          <line num="204" count="0" type="stmt"/>
          <line num="209" count="0" type="stmt"/>
          <line num="214" count="0" type="stmt"/>
          <line num="216" count="0" type="stmt"/>
          <line num="230" count="0" type="stmt"/>
          <line num="240" count="0" type="stmt"/>
        </file>
        <file name="contact-form.js" path="/Users/Sean/Desktop/sushi-commerce/src/components/contact-form.js">
          <metrics statements="36" coveredstatements="36" conditionals="8" coveredconditionals="6" methods="16" coveredmethods="16"/>
          <line num="5" count="1" type="stmt"/>
          <line num="8" count="17" type="stmt"/>
          <line num="10" count="17" type="stmt"/>
          <line num="13" count="1" type="stmt"/>
          <line num="14" count="18" type="cond" truecount="2" falsecount="0"/>
          <line num="16" count="18" type="stmt"/>
          <line num="45" count="6" type="stmt"/>
          <line num="46" count="6" type="stmt"/>
          <line num="47" count="6" type="stmt"/>
          <line num="49" count="6" type="stmt"/>
          <line num="51" count="6" type="cond" truecount="2" falsecount="0"/>
          <line num="52" count="1" type="cond" truecount="1" falsecount="1"/>
          <line num="53" count="1" type="stmt"/>
          <line num="59" count="2" type="stmt"/>
          <line num="61" count="2" type="cond" truecount="1" falsecount="1"/>
          <line num="62" count="2" type="stmt"/>
          <line num="67" count="18" type="stmt"/>
          <line num="68" count="18" type="stmt"/>
          <line num="70" count="18" type="stmt"/>
          <line num="94" count="3" type="stmt"/>
          <line num="97" count="16" type="stmt"/>
          <line num="98" count="16" type="stmt"/>
          <line num="124" count="1" type="stmt"/>
          <line num="125" count="3" type="stmt"/>
          <line num="126" count="8" type="stmt"/>
          <line num="130" count="1" type="stmt"/>
          <line num="131" count="16" type="stmt"/>
          <line num="147" count="6" type="stmt"/>
          <line num="149" count="3" type="stmt"/>
          <line num="152" count="2" type="stmt"/>
          <line num="153" count="2" type="stmt"/>
          <line num="154" count="2" type="stmt"/>
          <line num="163" count="2" type="stmt"/>
          <line num="164" count="2" type="stmt"/>
          <line num="168" count="16" type="stmt"/>
          <line num="169" count="16" type="stmt"/>
        </file>
        <file name="date.js" path="/Users/Sean/Desktop/sushi-commerce/src/components/date.js">
          <metrics statements="6" coveredstatements="0" conditionals="0" coveredconditionals="0" methods="1" coveredmethods="0"/>
          <line num="2" count="0" type="stmt"/>
          <line num="3" count="0" type="stmt"/>
          <line num="5" count="0" type="stmt"/>
          <line num="6" count="0" type="stmt"/>
          <line num="11" count="0" type="stmt"/>
          <line num="16" count="0" type="stmt"/>
        </file>
        <file name="features.js" path="/Users/Sean/Desktop/sushi-commerce/src/components/features.js">
          <metrics statements="23" coveredstatements="0" conditionals="2" coveredconditionals="0" methods="6" coveredmethods="0"/>
          <line num="10" count="0" type="stmt"/>
          <line num="13" count="0" type="cond" truecount="0" falsecount="2"/>
          <line num="15" count="0" type="stmt"/>
          <line num="18" count="0" type="stmt"/>
          <line num="19" count="0" type="stmt"/>
          <line num="28" count="0" type="stmt"/>
          <line num="32" count="0" type="stmt"/>
          <line num="34" count="0" type="stmt"/>
          <line num="38" count="0" type="stmt"/>
          <line num="44" count="0" type="stmt"/>
          <line num="67" count="0" type="stmt"/>
          <line num="68" count="0" type="stmt"/>
          <line num="70" count="0" type="stmt"/>
          <line num="74" count="0" type="stmt"/>
          <line num="80" count="0" type="stmt"/>
          <line num="85" count="0" type="stmt"/>
          <line num="87" count="0" type="stmt"/>
          <line num="92" count="0" type="stmt"/>
          <line num="108" count="0" type="stmt"/>
          <line num="110" count="0" type="stmt"/>
          <line num="114" count="0" type="stmt"/>
          <line num="120" count="0" type="stmt"/>
          <line num="124" count="0" type="stmt"/>
        </file>
        <file name="footer.js" path="/Users/Sean/Desktop/sushi-commerce/src/components/footer.js">
          <metrics statements="25" coveredstatements="25" conditionals="0" coveredconditionals="0" methods="6" coveredmethods="6"/>
          <line num="15" count="1" type="stmt"/>
          <line num="16" count="1" type="stmt"/>
          <line num="18" count="1" type="stmt"/>
          <line num="19" count="3" type="stmt"/>
          <line num="22" count="3" type="stmt"/>
          <line num="24" count="3" type="stmt"/>
          <line num="32" count="1" type="stmt"/>
          <line num="33" count="3" type="stmt"/>
          <line num="34" count="6" type="stmt"/>
          <line num="38" count="6" type="stmt"/>
          <line num="43" count="6" type="stmt"/>
          <line num="46" count="6" type="stmt"/>
          <line num="48" count="6" type="stmt"/>
          <line num="52" count="6" type="stmt"/>
          <line num="64" count="3" type="stmt"/>
          <line num="72" count="3" type="stmt"/>
          <line num="75" count="6" type="stmt"/>
          <line num="76" count="6" type="stmt"/>
          <line num="82" count="1" type="stmt"/>
          <line num="83" count="3" type="stmt"/>
          <line num="89" count="3" type="stmt"/>
          <line num="93" count="3" type="stmt"/>
          <line num="105" count="4" type="stmt"/>
          <line num="106" count="4" type="stmt"/>
          <line num="118" count="4" type="stmt"/>
        </file>
        <file name="header.js" path="/Users/Sean/Desktop/sushi-commerce/src/components/header.js">
          <metrics statements="30" coveredstatements="27" conditionals="6" coveredconditionals="3" methods="9" coveredmethods="7"/>
          <line num="11" count="1" type="stmt"/>
          <line num="12" count="1" type="stmt"/>
          <line num="25" count="1" type="stmt"/>
          <line num="28" count="1" type="cond" truecount="1" falsecount="1"/>
          <line num="30" count="1" type="stmt"/>
          <line num="35" count="1" type="stmt"/>
          <line num="42" count="1" type="stmt"/>
          <line num="66" count="1" type="stmt"/>
          <line num="72" count="2" type="stmt"/>
          <line num="74" count="2" type="stmt"/>
          <line num="76" count="2" type="stmt"/>
          <line num="86" count="2" type="stmt"/>
          <line num="92" count="2" type="stmt"/>
          <line num="97" count="2" type="stmt"/>
          <line num="128" count="1" type="stmt"/>
          <line num="132" count="1" type="stmt"/>
          <line num="133" count="2" type="stmt"/>
          <line num="135" count="2" type="stmt"/>
          <line num="139" count="2" type="stmt"/>
          <line num="146" count="1" type="stmt"/>
          <line num="157" count="1" type="stmt"/>
          <line num="158" count="1" type="stmt"/>
          <line num="163" count="1" type="stmt"/>
          <line num="209" count="0" type="stmt"/>
          <line num="210" count="0" type="stmt"/>
          <line num="217" count="0" type="stmt"/>
          <line num="221" count="1" type="stmt"/>
          <line num="222" count="1" type="stmt"/>
          <line num="223" count="1" type="cond" truecount="1" falsecount="1"/>
          <line num="225" count="1" type="stmt"/>
        </file>
        <file name="html.js" path="/Users/Sean/Desktop/sushi-commerce/src/components/html.js">
          <metrics statements="7" coveredstatements="0" conditionals="8" coveredconditionals="0" methods="1" coveredmethods="0"/>
          <line num="2" count="0" type="stmt"/>
          <line num="3" count="0" type="stmt"/>
          <line num="13" count="0" type="stmt"/>
          <line num="18" count="0" type="stmt"/>
          <line num="19" count="0" type="cond" truecount="0" falsecount="2"/>
          <line num="20" count="0" type="stmt"/>
          <line num="27" count="0" type="stmt"/>
        </file>
        <file name="images.js" path="/Users/Sean/Desktop/sushi-commerce/src/components/images.js">
          <metrics statements="14" coveredstatements="0" conditionals="10" coveredconditionals="0" methods="2" coveredmethods="0"/>
          <line num="2" count="0" type="stmt"/>
          <line num="3" count="0" type="stmt"/>
          <line num="4" count="0" type="stmt"/>
          <line num="6" count="0" type="stmt"/>
          <line num="16" count="0" type="stmt"/>
          <line num="21" count="0" type="stmt"/>
          <line num="23" count="0" type="cond" truecount="0" falsecount="4"/>
          <line num="24" count="0" type="stmt"/>
          <line num="26" count="0" type="stmt"/>
          <line num="30" count="0" type="stmt"/>
          <line num="34" count="0" type="stmt"/>
          <line num="44" count="0" type="stmt"/>
          <line num="46" count="0" type="stmt"/>
          <line num="47" count="0" type="stmt"/>
        </file>
        <file name="price.js" path="/Users/Sean/Desktop/sushi-commerce/src/components/price.js">
          <metrics statements="5" coveredstatements="0" conditionals="2" coveredconditionals="0" methods="1" coveredmethods="0"/>
          <line num="2" count="0" type="stmt"/>
          <line num="3" count="0" type="stmt"/>
          <line num="10" count="0" type="cond" truecount="0" falsecount="2"/>
          <line num="11" count="0" type="stmt"/>
          <line num="13" count="0" type="stmt"/>
        </file>
        <file name="tags.js" path="/Users/Sean/Desktop/sushi-commerce/src/components/tags.js">
          <metrics statements="8" coveredstatements="0" conditionals="0" coveredconditionals="0" methods="2" coveredmethods="0"/>
          <line num="2" count="0" type="stmt"/>
          <line num="8" count="0" type="stmt"/>
          <line num="9" count="0" type="stmt"/>
          <line num="11" count="0" type="stmt"/>
          <line num="19" count="0" type="stmt"/>
          <line num="20" count="0" type="stmt"/>
          <line num="25" count="0" type="stmt"/>
          <line num="27" count="0" type="stmt"/>
        </file>
        <file name="testimonials.js" path="/Users/Sean/Desktop/sushi-commerce/src/components/testimonials.js">
          <metrics statements="15" coveredstatements="1" conditionals="0" coveredconditionals="0" methods="4" coveredmethods="0"/>
          <line num="15" count="1" type="stmt"/>
          <line num="16" count="0" type="stmt"/>
          <line num="20" count="0" type="stmt"/>
          <line num="24" count="0" type="stmt"/>
          <line num="26" count="0" type="stmt"/>
          <line num="28" count="0" type="stmt"/>
          <line num="41" count="0" type="stmt"/>
          <line num="42" count="0" type="stmt"/>
          <line num="43" count="0" type="stmt"/>
          <line num="48" count="0" type="stmt"/>
          <line num="50" count="0" type="stmt"/>
          <line num="54" count="0" type="stmt"/>
          <line num="59" count="0" type="stmt"/>
          <line num="63" count="0" type="stmt"/>
          <line num="69" count="0" type="stmt"/>
        </file>
        <file name="titles.js" path="/Users/Sean/Desktop/sushi-commerce/src/components/titles.js">
          <metrics statements="11" coveredstatements="0" conditionals="4" coveredconditionals="0" methods="2" coveredmethods="0"/>
          <line num="2" count="0" type="stmt"/>
          <line num="3" count="0" type="stmt"/>
          <line num="4" count="0" type="stmt"/>
          <line num="11" count="0" type="cond" truecount="0" falsecount="2"/>
          <line num="12" count="0" type="stmt"/>
          <line num="17" count="0" type="stmt"/>
          <line num="19" count="0" type="stmt"/>
          <line num="32" count="0" type="cond" truecount="0" falsecount="2"/>
          <line num="33" count="0" type="stmt"/>
          <line num="36" count="0" type="stmt"/>
          <line num="42" count="0" type="stmt"/>
        </file>
      </package>
      <package name="src.layouts">
        <metrics statements="10" coveredstatements="0" conditionals="0" coveredconditionals="0" methods="0" coveredmethods="0"/>
        <file name="index.js" path="/Users/Sean/Desktop/sushi-commerce/src/layouts/index.js">
          <metrics statements="10" coveredstatements="0" conditionals="0" coveredconditionals="0" methods="0" coveredmethods="0"/>
          <line num="2" count="0" type="stmt"/>
          <line num="3" count="0" type="stmt"/>
          <line num="4" count="0" type="stmt"/>
          <line num="5" count="0" type="stmt"/>
          <line num="6" count="0" type="stmt"/>
          <line num="41" count="0" type="stmt"/>
          <line num="49" count="0" type="stmt"/>
          <line num="51" count="0" type="stmt"/>
          <line num="55" count="0" type="stmt"/>
          <line num="75" count="0" type="stmt"/>
        </file>
      </package>
      <package name="src.pages">
        <metrics statements="14" coveredstatements="2" conditionals="0" coveredconditionals="0" methods="2" coveredmethods="0"/>
        <file name="contact.js" path="/Users/Sean/Desktop/sushi-commerce/src/pages/contact.js">
          <metrics statements="10" coveredstatements="0" conditionals="0" coveredconditionals="0" methods="1" coveredmethods="0"/>
          <line num="2" count="0" type="stmt"/>
          <line num="3" count="0" type="stmt"/>
          <line num="4" count="0" type="stmt"/>
          <line num="5" count="0" type="stmt"/>
          <line num="7" count="0" type="stmt"/>
          <line num="8" count="0" type="stmt"/>
          <line num="16" count="0" type="stmt"/>
          <line num="20" count="0" type="stmt"/>
          <line num="24" count="0" type="stmt"/>
          <line num="26" count="0" type="stmt"/>
        </file>
        <file name="index.js" path="/Users/Sean/Desktop/sushi-commerce/src/pages/index.js">
          <metrics statements="4" coveredstatements="2" conditionals="0" coveredconditionals="0" methods="1" coveredmethods="0"/>
          <line num="41" count="1" type="stmt"/>
          <line num="44" count="0" type="stmt"/>
          <line num="46" count="0" type="stmt"/>
          <line num="60" count="1" type="stmt"/>
        </file>
      </package>
      <package name="src.pages.posts">
        <metrics statements="22" coveredstatements="0" conditionals="0" coveredconditionals="0" methods="3" coveredmethods="0"/>
        <file name="index.js" path="/Users/Sean/Desktop/sushi-commerce/src/pages/posts/index.js">
          <metrics statements="22" coveredstatements="0" conditionals="0" coveredconditionals="0" methods="3" coveredmethods="0"/>
          <line num="2" count="0" type="stmt"/>
          <line num="3" count="0" type="stmt"/>
          <line num="4" count="0" type="stmt"/>
          <line num="5" count="0" type="stmt"/>
          <line num="6" count="0" type="stmt"/>
          <line num="32" count="0" type="stmt"/>
          <line num="33" count="0" type="stmt"/>
          <line num="37" count="0" type="stmt"/>
          <line num="40" count="0" type="stmt"/>
          <line num="41" count="0" type="stmt"/>
          <line num="46" count="0" type="stmt"/>
          <line num="56" count="0" type="stmt"/>
          <line num="58" count="0" type="stmt"/>
          <line num="62" count="0" type="stmt"/>
          <line num="66" count="0" type="stmt"/>
          <line num="80" count="0" type="stmt"/>
          <line num="82" count="0" type="stmt"/>
          <line num="92" count="0" type="stmt"/>
          <line num="97" count="0" type="stmt"/>
          <line num="104" count="0" type="stmt"/>
          <line num="106" count="0" type="stmt"/>
          <line num="119" count="0" type="stmt"/>
        </file>
      </package>
      <package name="src.pages.products">
        <metrics statements="19" coveredstatements="0" conditionals="0" coveredconditionals="0" methods="1" coveredmethods="0"/>
        <file name="index.js" path="/Users/Sean/Desktop/sushi-commerce/src/pages/products/index.js">
          <metrics statements="19" coveredstatements="0" conditionals="0" coveredconditionals="0" methods="1" coveredmethods="0"/>
          <line num="2" count="0" type="stmt"/>
          <line num="3" count="0" type="stmt"/>
          <line num="4" count="0" type="stmt"/>
          <line num="5" count="0" type="stmt"/>
          <line num="6" count="0" type="stmt"/>
          <line num="7" count="0" type="stmt"/>
          <line num="36" count="0" type="stmt"/>
          <line num="46" count="0" type="stmt"/>
          <line num="48" count="0" type="stmt"/>
          <line num="52" count="0" type="stmt"/>
          <line num="56" count="0" type="stmt"/>
          <line num="60" count="0" type="stmt"/>
          <line num="73" count="0" type="stmt"/>
          <line num="75" count="0" type="stmt"/>
          <line num="85" count="0" type="stmt"/>
          <line num="87" count="0" type="stmt"/>
          <line num="91" count="0" type="stmt"/>
          <line num="96" count="0" type="stmt"/>
          <line num="112" count="0" type="stmt"/>
        </file>
      </package>
      <package name="src.templates">
        <metrics statements="46" coveredstatements="0" conditionals="4" coveredconditionals="0" methods="3" coveredmethods="0"/>
        <file name="page.js" path="/Users/Sean/Desktop/sushi-commerce/src/templates/page.js">
          <metrics statements="11" coveredstatements="0" conditionals="0" coveredconditionals="0" methods="1" coveredmethods="0"/>
          <line num="2" count="0" type="stmt"/>
          <line num="3" count="0" type="stmt"/>
          <line num="4" count="0" type="stmt"/>
          <line num="5" count="0" type="stmt"/>
          <line num="6" count="0" type="stmt"/>
          <line num="25" count="0" type="stmt"/>
          <line num="32" count="0" type="stmt"/>
          <line num="34" count="0" type="stmt"/>
          <line num="40" count="0" type="stmt"/>
          <line num="44" count="0" type="stmt"/>
          <line num="59" count="0" type="stmt"/>
        </file>
        <file name="post.js" path="/Users/Sean/Desktop/sushi-commerce/src/templates/post.js">
          <metrics statements="16" coveredstatements="0" conditionals="2" coveredconditionals="0" methods="1" coveredmethods="0"/>
          <line num="2" count="0" type="stmt"/>
          <line num="3" count="0" type="stmt"/>
          <line num="4" count="0" type="stmt"/>
          <line num="5" count="0" type="stmt"/>
          <line num="6" count="0" type="stmt"/>
          <line num="7" count="0" type="stmt"/>
          <line num="8" count="0" type="stmt"/>
          <line num="30" count="0" type="stmt"/>
          <line num="43" count="0" type="stmt"/>
          <line num="45" count="0" type="stmt"/>
          <line num="48" count="0" type="cond" truecount="0" falsecount="2"/>
          <line num="49" count="0" type="stmt"/>
          <line num="52" count="0" type="stmt"/>
          <line num="57" count="0" type="stmt"/>
          <line num="61" count="0" type="stmt"/>
          <line num="83" count="0" type="stmt"/>
        </file>
        <file name="product.js" path="/Users/Sean/Desktop/sushi-commerce/src/templates/product.js">
          <metrics statements="19" coveredstatements="0" conditionals="2" coveredconditionals="0" methods="1" coveredmethods="0"/>
          <line num="2" count="0" type="stmt"/>
          <line num="3" count="0" type="stmt"/>
          <line num="4" count="0" type="stmt"/>
          <line num="5" count="0" type="stmt"/>
          <line num="6" count="0" type="stmt"/>
          <line num="7" count="0" type="stmt"/>
          <line num="8" count="0" type="stmt"/>
          <line num="9" count="0" type="stmt"/>
          <line num="10" count="0" type="stmt"/>
          <line num="36" count="0" type="stmt"/>
          <line num="53" count="0" type="stmt"/>
          <line num="55" count="0" type="stmt"/>
          <line num="58" count="0" type="cond" truecount="0" falsecount="2"/>
          <line num="59" count="0" type="stmt"/>
          <line num="62" count="0" type="stmt"/>
          <line num="69" count="0" type="stmt"/>
          <line num="73" count="0" type="stmt"/>
          <line num="77" count="0" type="stmt"/>
          <line num="105" count="0" type="stmt"/>
        </file>
      </package>
    </metrics>
  </project>
</coverage>
