{"/Users/Sean/Desktop/sushi-commerce/src/test-utils.js": {"path":"/Users/Sean/Desktop/sushi-commerce/src/test-utils.js","statementMap":{"0":{"start":{"line":7,"column":18},"end":{"line":7,"column":66}},"1":{"start":{"line":8,"column":16},"end":{"line":8,"column":78}},"2":{"start":{"line":9,"column":24},"end":{"line":10,"column":63}},"3":{"start":{"line":10,"column":4},"end":{"line":10,"column":63}},"4":{"start":{"line":10,"column":15},"end":{"line":10,"column":62}},"5":{"start":{"line":11,"column":2},"end":{"line":15,"column":4}}},"fnMap":{"0":{"name":"renderWithRouter","decl":{"start":{"line":6,"column":16},"end":{"line":6,"column":32}},"loc":{"start":{"line":6,"column":77},"end":{"line":16,"column":1}},"line":6},"1":{"name":"(anonymous_1)","decl":{"start":{"line":9,"column":24},"end":{"line":9,"column":25}},"loc":{"start":{"line":10,"column":4},"end":{"line":10,"column":63}},"line":10},"2":{"name":"(anonymous_2)","decl":{"start":{"line":10,"column":9},"end":{"line":10,"column":10}},"loc":{"start":{"line":10,"column":15},"end":{"line":10,"column":62}},"line":10}},"branchMap":{"0":{"loc":{"start":{"line":6,"column":37},"end":{"line":6,"column":75}},"type":"default-arg","locations":[{"start":{"line":6,"column":73},"end":{"line":6,"column":75}}],"line":6},"1":{"loc":{"start":{"line":6,"column":39},"end":{"line":6,"column":50}},"type":"default-arg","locations":[{"start":{"line":6,"column":47},"end":{"line":6,"column":50}}],"line":6}},"s":{"0":1,"1":1,"2":1,"3":0,"4":0,"5":1},"f":{"0":1,"1":0,"2":0},"b":{"0":[1],"1":[1]},"_coverageSchema":"332fd63041d2c1bcb487cc26dd0d5f7d97098a6c","hash":"e9a8fc00d54c688fc03feccba2ebada65ed45011"}
,"/Users/Sean/Desktop/sushi-commerce/src/types.js": {"path":"/Users/Sean/Desktop/sushi-commerce/src/types.js","statementMap":{},"fnMap":{},"branchMap":{},"s":{},"f":{},"b":{},"_coverageSchema":"332fd63041d2c1bcb487cc26dd0d5f7d97098a6c","hash":"9d05a9f88d2fa51a42fa49f8189a45421a2d0940"}
,"/Users/Sean/Desktop/sushi-commerce/src/utils.js": {"path":"/Users/Sean/Desktop/sushi-commerce/src/utils.js","statementMap":{"0":{"start":{"line":5,"column":19},"end":{"line":52,"column":1}},"1":{"start":{"line":6,"column":2},"end":{"line":51,"column":3}},"2":{"start":{"line":8,"column":6},"end":{"line":8,"column":45}},"3":{"start":{"line":10,"column":6},"end":{"line":10,"column":33}},"4":{"start":{"line":12,"column":6},"end":{"line":12,"column":32}},"5":{"start":{"line":14,"column":6},"end":{"line":14,"column":40}},"6":{"start":{"line":16,"column":6},"end":{"line":16,"column":27}},"7":{"start":{"line":18,"column":6},"end":{"line":18,"column":33}},"8":{"start":{"line":20,"column":6},"end":{"line":20,"column":33}},"9":{"start":{"line":22,"column":6},"end":{"line":22,"column":32}},"10":{"start":{"line":24,"column":6},"end":{"line":24,"column":39}},"11":{"start":{"line":26,"column":6},"end":{"line":26,"column":33}},"12":{"start":{"line":28,"column":6},"end":{"line":28,"column":40}},"13":{"start":{"line":30,"column":6},"end":{"line":30,"column":34}},"14":{"start":{"line":32,"column":6},"end":{"line":32,"column":32}},"15":{"start":{"line":34,"column":6},"end":{"line":34,"column":34}},"16":{"start":{"line":36,"column":6},"end":{"line":36,"column":34}},"17":{"start":{"line":38,"column":6},"end":{"line":38,"column":33}},"18":{"start":{"line":40,"column":6},"end":{"line":40,"column":27}},"19":{"start":{"line":42,"column":6},"end":{"line":42,"column":28}},"20":{"start":{"line":44,"column":6},"end":{"line":44,"column":19}},"21":{"start":{"line":46,"column":6},"end":{"line":49,"column":8}},"22":{"start":{"line":50,"column":6},"end":{"line":50,"column":16}},"23":{"start":{"line":54,"column":18},"end":{"line":94,"column":1}},"24":{"start":{"line":55,"column":29},"end":{"line":60,"column":3}},"25":{"start":{"line":56,"column":4},"end":{"line":59,"column":6}},"26":{"start":{"line":57,"column":21},"end":{"line":57,"column":60}},"27":{"start":{"line":62,"column":2},"end":{"line":93,"column":3}},"28":{"start":{"line":64,"column":6},"end":{"line":64,"column":53}},"29":{"start":{"line":66,"column":6},"end":{"line":66,"column":52}},"30":{"start":{"line":68,"column":6},"end":{"line":68,"column":47}},"31":{"start":{"line":70,"column":6},"end":{"line":70,"column":45}},"32":{"start":{"line":72,"column":6},"end":{"line":72,"column":52}},"33":{"start":{"line":74,"column":6},"end":{"line":74,"column":46}},"34":{"start":{"line":76,"column":6},"end":{"line":76,"column":53}},"35":{"start":{"line":78,"column":6},"end":{"line":78,"column":47}},"36":{"start":{"line":80,"column":6},"end":{"line":80,"column":51}},"37":{"start":{"line":82,"column":6},"end":{"line":82,"column":40}},"38":{"start":{"line":84,"column":6},"end":{"line":84,"column":41}},"39":{"start":{"line":86,"column":6},"end":{"line":86,"column":45}},"40":{"start":{"line":88,"column":6},"end":{"line":91,"column":8}},"41":{"start":{"line":92,"column":6},"end":{"line":92,"column":16}},"42":{"start":{"line":96,"column":22},"end":{"line":109,"column":1}},"43":{"start":{"line":97,"column":2},"end":{"line":99,"column":3}},"44":{"start":{"line":98,"column":4},"end":{"line":98,"column":41}},"45":{"start":{"line":100,"column":2},"end":{"line":108,"column":3}},"46":{"start":{"line":100,"column":51},"end":{"line":100,"column":76}},"47":{"start":{"line":101,"column":4},"end":{"line":101,"column":40}},"48":{"start":{"line":103,"column":4},"end":{"line":106,"column":6}},"49":{"start":{"line":107,"column":4},"end":{"line":107,"column":14}},"50":{"start":{"line":133,"column":22},"end":{"line":142,"column":1}},"51":{"start":{"line":134,"column":2},"end":{"line":141,"column":7}},"52":{"start":{"line":136,"column":30},"end":{"line":136,"column":35}},"53":{"start":{"line":137,"column":6},"end":{"line":137,"column":46}},"54":{"start":{"line":140,"column":6},"end":{"line":140,"column":36}},"55":{"start":{"line":151,"column":29},"end":{"line":151,"column":39}},"56":{"start":{"line":152,"column":4},"end":{"line":152,"column":34}},"57":{"start":{"line":156,"column":29},"end":{"line":157,"column":61}},"58":{"start":{"line":157,"column":2},"end":{"line":157,"column":61}},"59":{"start":{"line":157,"column":37},"end":{"line":157,"column":60}},"60":{"start":{"line":160,"column":30},"end":{"line":168,"column":1}},"61":{"start":{"line":161,"column":14},"end":{"line":161,"column":51}},"62":{"start":{"line":164,"column":19},"end":{"line":164,"column":35}},"63":{"start":{"line":167,"column":2},"end":{"line":167,"column":36}},"64":{"start":{"line":172,"column":20},"end":{"line":172,"column":62}},"65":{"start":{"line":172,"column":41},"end":{"line":172,"column":61}},"66":{"start":{"line":173,"column":19},"end":{"line":173,"column":68}},"67":{"start":{"line":173,"column":36},"end":{"line":173,"column":67}},"68":{"start":{"line":174,"column":20},"end":{"line":175,"column":46}},"69":{"start":{"line":175,"column":2},"end":{"line":175,"column":46}},"70":{"start":{"line":176,"column":20},"end":{"line":176,"column":65}},"71":{"start":{"line":176,"column":41},"end":{"line":176,"column":64}},"72":{"start":{"line":177,"column":21},"end":{"line":177,"column":70}},"73":{"start":{"line":177,"column":44},"end":{"line":177,"column":69}}},"fnMap":{"0":{"name":"(anonymous_0)","decl":{"start":{"line":5,"column":19},"end":{"line":5,"column":20}},"loc":{"start":{"line":5,"column":56},"end":{"line":52,"column":1}},"line":5},"1":{"name":"(anonymous_1)","decl":{"start":{"line":54,"column":18},"end":{"line":54,"column":19}},"loc":{"start":{"line":54,"column":65},"end":{"line":94,"column":1}},"line":54},"2":{"name":"(anonymous_2)","decl":{"start":{"line":55,"column":29},"end":{"line":55,"column":30}},"loc":{"start":{"line":55,"column":57},"end":{"line":60,"column":3}},"line":55},"3":{"name":"(anonymous_3)","decl":{"start":{"line":57,"column":6},"end":{"line":57,"column":7}},"loc":{"start":{"line":57,"column":21},"end":{"line":57,"column":60}},"line":57},"4":{"name":"(anonymous_4)","decl":{"start":{"line":96,"column":22},"end":{"line":96,"column":23}},"loc":{"start":{"line":96,"column":71},"end":{"line":109,"column":1}},"line":96},"5":{"name":"(anonymous_5)","decl":{"start":{"line":100,"column":40},"end":{"line":100,"column":41}},"loc":{"start":{"line":100,"column":51},"end":{"line":100,"column":76}},"line":100},"6":{"name":"(anonymous_6)","decl":{"start":{"line":133,"column":22},"end":{"line":133,"column":23}},"loc":{"start":{"line":133,"column":65},"end":{"line":142,"column":1}},"line":133},"7":{"name":"(anonymous_7)","decl":{"start":{"line":135,"column":9},"end":{"line":135,"column":10}},"loc":{"start":{"line":135,"column":20},"end":{"line":138,"column":5}},"line":135},"8":{"name":"(anonymous_8)","decl":{"start":{"line":139,"column":12},"end":{"line":139,"column":13}},"loc":{"start":{"line":139,"column":27},"end":{"line":141,"column":5}},"line":139},"9":{"name":"(anonymous_9)","decl":{"start":{"line":150,"column":2},"end":{"line":150,"column":3}},"loc":{"start":{"line":150,"column":11},"end":{"line":153,"column":3}},"line":150},"10":{"name":"(anonymous_10)","decl":{"start":{"line":156,"column":29},"end":{"line":156,"column":30}},"loc":{"start":{"line":157,"column":2},"end":{"line":157,"column":61}},"line":157},"11":{"name":"(anonymous_11)","decl":{"start":{"line":157,"column":22},"end":{"line":157,"column":23}},"loc":{"start":{"line":157,"column":37},"end":{"line":157,"column":60}},"line":157},"12":{"name":"(anonymous_12)","decl":{"start":{"line":160,"column":30},"end":{"line":160,"column":31}},"loc":{"start":{"line":160,"column":48},"end":{"line":168,"column":1}},"line":160},"13":{"name":"(anonymous_13)","decl":{"start":{"line":172,"column":20},"end":{"line":172,"column":21}},"loc":{"start":{"line":172,"column":41},"end":{"line":172,"column":61}},"line":172},"14":{"name":"(anonymous_14)","decl":{"start":{"line":173,"column":19},"end":{"line":173,"column":20}},"loc":{"start":{"line":173,"column":36},"end":{"line":173,"column":67}},"line":173},"15":{"name":"(anonymous_15)","decl":{"start":{"line":174,"column":20},"end":{"line":174,"column":21}},"loc":{"start":{"line":175,"column":2},"end":{"line":175,"column":46}},"line":175},"16":{"name":"(anonymous_16)","decl":{"start":{"line":176,"column":20},"end":{"line":176,"column":21}},"loc":{"start":{"line":176,"column":41},"end":{"line":176,"column":64}},"line":176},"17":{"name":"(anonymous_17)","decl":{"start":{"line":177,"column":21},"end":{"line":177,"column":22}},"loc":{"start":{"line":177,"column":44},"end":{"line":177,"column":69}},"line":177}},"branchMap":{"0":{"loc":{"start":{"line":6,"column":2},"end":{"line":51,"column":3}},"type":"switch","locations":[{"start":{"line":7,"column":4},"end":{"line":8,"column":45}},{"start":{"line":9,"column":4},"end":{"line":10,"column":33}},{"start":{"line":11,"column":4},"end":{"line":12,"column":32}},{"start":{"line":13,"column":4},"end":{"line":14,"column":40}},{"start":{"line":15,"column":4},"end":{"line":16,"column":27}},{"start":{"line":17,"column":4},"end":{"line":18,"column":33}},{"start":{"line":19,"column":4},"end":{"line":20,"column":33}},{"start":{"line":21,"column":4},"end":{"line":22,"column":32}},{"start":{"line":23,"column":4},"end":{"line":24,"column":39}},{"start":{"line":25,"column":4},"end":{"line":26,"column":33}},{"start":{"line":27,"column":4},"end":{"line":28,"column":40}},{"start":{"line":29,"column":4},"end":{"line":30,"column":34}},{"start":{"line":31,"column":4},"end":{"line":32,"column":32}},{"start":{"line":33,"column":4},"end":{"line":34,"column":34}},{"start":{"line":35,"column":4},"end":{"line":36,"column":34}},{"start":{"line":37,"column":4},"end":{"line":38,"column":33}},{"start":{"line":39,"column":4},"end":{"line":40,"column":27}},{"start":{"line":41,"column":4},"end":{"line":42,"column":28}},{"start":{"line":43,"column":4},"end":{"line":44,"column":19}},{"start":{"line":45,"column":4},"end":{"line":50,"column":16}}],"line":6},"1":{"loc":{"start":{"line":62,"column":2},"end":{"line":93,"column":3}},"type":"switch","locations":[{"start":{"line":63,"column":4},"end":{"line":64,"column":53}},{"start":{"line":65,"column":4},"end":{"line":66,"column":52}},{"start":{"line":67,"column":4},"end":{"line":68,"column":47}},{"start":{"line":69,"column":4},"end":{"line":70,"column":45}},{"start":{"line":71,"column":4},"end":{"line":72,"column":52}},{"start":{"line":73,"column":4},"end":{"line":74,"column":46}},{"start":{"line":75,"column":4},"end":{"line":76,"column":53}},{"start":{"line":77,"column":4},"end":{"line":78,"column":47}},{"start":{"line":79,"column":4},"end":{"line":80,"column":51}},{"start":{"line":81,"column":4},"end":{"line":82,"column":40}},{"start":{"line":83,"column":4},"end":{"line":84,"column":41}},{"start":{"line":85,"column":4},"end":{"line":86,"column":45}},{"start":{"line":87,"column":4},"end":{"line":92,"column":16}}],"line":62},"2":{"loc":{"start":{"line":97,"column":2},"end":{"line":99,"column":3}},"type":"if","locations":[{"start":{"line":97,"column":2},"end":{"line":99,"column":3}},{"start":{"line":97,"column":2},"end":{"line":99,"column":3}}],"line":97},"3":{"loc":{"start":{"line":100,"column":2},"end":{"line":108,"column":3}},"type":"if","locations":[{"start":{"line":100,"column":2},"end":{"line":108,"column":3}},{"start":{"line":100,"column":2},"end":{"line":108,"column":3}}],"line":100},"4":{"loc":{"start":{"line":100,"column":6},"end":{"line":100,"column":77}},"type":"binary-expr","locations":[{"start":{"line":100,"column":6},"end":{"line":100,"column":26}},{"start":{"line":100,"column":30},"end":{"line":100,"column":77}}],"line":100},"5":{"loc":{"start":{"line":152,"column":11},"end":{"line":152,"column":33}},"type":"cond-expr","locations":[{"start":{"line":152,"column":18},"end":{"line":152,"column":26}},{"start":{"line":152,"column":29},"end":{"line":152,"column":33}}],"line":152},"6":{"loc":{"start":{"line":172,"column":41},"end":{"line":172,"column":61}},"type":"cond-expr","locations":[{"start":{"line":172,"column":50},"end":{"line":172,"column":56}},{"start":{"line":172,"column":59},"end":{"line":172,"column":61}}],"line":172},"7":{"loc":{"start":{"line":173,"column":36},"end":{"line":173,"column":67}},"type":"cond-expr","locations":[{"start":{"line":173,"column":57},"end":{"line":173,"column":62}},{"start":{"line":173,"column":65},"end":{"line":173,"column":67}}],"line":173},"8":{"loc":{"start":{"line":175,"column":2},"end":{"line":175,"column":46}},"type":"cond-expr","locations":[{"start":{"line":175,"column":35},"end":{"line":175,"column":41}},{"start":{"line":175,"column":44},"end":{"line":175,"column":46}}],"line":175},"9":{"loc":{"start":{"line":176,"column":41},"end":{"line":176,"column":64}},"type":"cond-expr","locations":[{"start":{"line":176,"column":54},"end":{"line":176,"column":60}},{"start":{"line":176,"column":63},"end":{"line":176,"column":64}}],"line":176},"10":{"loc":{"start":{"line":177,"column":44},"end":{"line":177,"column":69}},"type":"cond-expr","locations":[{"start":{"line":177,"column":54},"end":{"line":177,"column":61}},{"start":{"line":177,"column":64},"end":{"line":177,"column":69}}],"line":177}},"s":{"0":3,"1":24,"2":0,"3":2,"4":5,"5":6,"6":0,"7":3,"8":0,"9":0,"10":0,"11":0,"12":0,"13":0,"14":0,"15":0,"16":0,"17":0,"18":2,"19":0,"20":6,"21":0,"22":0,"23":3,"24":6,"25":6,"26":18,"27":6,"28":0,"29":0,"30":0,"31":0,"32":0,"33":0,"34":0,"35":0,"36":0,"37":6,"38":0,"39":0,"40":0,"41":0,"42":3,"43":30,"44":24,"45":6,"46":18,"47":6,"48":0,"49":0,"50":3,"51":17,"52":30,"53":30,"54":13,"55":5,"56":5,"57":3,"58":0,"59":0,"60":3,"61":2,"62":2,"63":2,"64":3,"65":0,"66":3,"67":0,"68":3,"69":0,"70":3,"71":0,"72":3,"73":0},"f":{"0":24,"1":6,"2":6,"3":18,"4":30,"5":18,"6":17,"7":30,"8":13,"9":5,"10":0,"11":0,"12":2,"13":0,"14":0,"15":0,"16":0,"17":0},"b":{"0":[0,2,5,6,0,3,0,0,0,0,0,0,0,0,0,0,2,0,6,0],"1":[0,0,0,0,0,0,0,0,0,6,0,0,0],"2":[24,6],"3":[6,0],"4":[6,6],"5":[4,1],"6":[0,0],"7":[0,0],"8":[0,0],"9":[0,0],"10":[0,0]},"_coverageSchema":"332fd63041d2c1bcb487cc26dd0d5f7d97098a6c","hash":"6e78d7d34d3aee51b6171206b182ea60b337cb3e"}
,"/Users/Sean/Desktop/sushi-commerce/src/cms/data-table.js": {"path":"/Users/Sean/Desktop/sushi-commerce/src/cms/data-table.js","statementMap":{"0":{"start":{"line":2,"column":0},"end":{"line":null,"column":-1}},"1":{"start":{"line":5,"column":18},"end":{"line":5,"column":0}},"2":{"start":{"line":5,"column":32},"end":{"line":5,"column":31}},"3":{"start":{"line":6,"column":22},"end":{"line":6,"column":2}},"4":{"start":{"line":18,"column":22},"end":{"line":18,"column":2}},"5":{"start":{"line":29,"column":19},"end":{"line":29,"column":2}},"6":{"start":{"line":37,"column":26},"end":{"line":5,"column":32}},"7":{"start":{"line":39,"column":2},"end":{"line":null,"column":-1}},"8":{"start":{"line":56,"column":16},"end":{"line":56,"column":0}},"9":{"start":{"line":56,"column":58},"end":{"line":56,"column":57}},"10":{"start":{"line":58,"column":20},"end":{"line":58,"column":2}},"11":{"start":{"line":59,"column":4},"end":{"line":null,"column":-1}},"12":{"start":{"line":62,"column":22},"end":{"line":62,"column":2}},"13":{"start":{"line":70,"column":2},"end":{"line":null,"column":-1}}},"fnMap":{"0":{"name":"DataSection","decl":{"start":{"line":5,"column":4},"end":{"line":5,"column":18}},"loc":{"start":{"line":5,"column":32},"end":{"line":5,"column":0}}},"1":{"name":"DataTable","decl":{"start":{"line":56,"column":4},"end":{"line":56,"column":16}},"loc":{"start":{"line":56,"column":58},"end":{"line":56,"column":0}}},"2":{"name":"(anonymous_3)","decl":{"start":{"line":58,"column":29},"end":{"line":58,"column":29}},"loc":{"start":{"line":58,"column":39},"end":{"line":58,"column":20}}}},"branchMap":{},"s":{"0":0,"1":0,"2":0,"3":0,"4":0,"5":0,"6":0,"7":0,"8":0,"9":0,"10":0,"11":0,"12":0,"13":0},"f":{"0":0,"1":0,"2":0},"b":{}}
,"/Users/Sean/Desktop/sushi-commerce/src/cms/index.js": {"path":"/Users/Sean/Desktop/sushi-commerce/src/cms/index.js","statementMap":{"0":{"start":{"line":1,"column":0},"end":{"line":null,"column":-1}},"1":{"start":{"line":2,"column":0},"end":{"line":null,"column":-1}},"2":{"start":{"line":11,"column":0},"end":{"line":null,"column":-1}},"3":{"start":{"line":14,"column":0},"end":{"line":null,"column":-1}},"4":{"start":{"line":15,"column":0},"end":{"line":null,"column":-1}},"5":{"start":{"line":16,"column":0},"end":{"line":null,"column":-1}},"6":{"start":{"line":17,"column":0},"end":{"line":null,"column":-1}},"7":{"start":{"line":18,"column":0},"end":{"line":null,"column":-1}},"8":{"start":{"line":19,"column":0},"end":{"line":null,"column":-1}},"9":{"start":{"line":20,"column":0},"end":{"line":null,"column":-1}},"10":{"start":{"line":23,"column":0},"end":{"line":null,"column":-1}}},"fnMap":{},"branchMap":{},"s":{"0":0,"1":0,"2":0,"3":0,"4":0,"5":0,"6":0,"7":0,"8":0,"9":0,"10":0},"f":{},"b":{}}
,"/Users/Sean/Desktop/sushi-commerce/src/cms/previews.js": {"path":"/Users/Sean/Desktop/sushi-commerce/src/cms/previews.js","statementMap":{"0":{"start":{"line":2,"column":0},"end":{"line":null,"column":-1}},"1":{"start":{"line":3,"column":0},"end":{"line":null,"column":-1}},"2":{"start":{"line":4,"column":0},"end":{"line":null,"column":-1}},"3":{"start":{"line":5,"column":0},"end":{"line":null,"column":-1}},"4":{"start":{"line":6,"column":0},"end":{"line":null,"column":-1}},"5":{"start":{"line":7,"column":0},"end":{"line":null,"column":-1}},"6":{"start":{"line":8,"column":0},"end":{"line":null,"column":-1}},"7":{"start":{"line":28,"column":11},"end":{"line":28,"column":7}},"8":{"start":{"line":28,"column":79},"end":{"line":28,"column":78}},"9":{"start":{"line":30,"column":13},"end":{"line":30,"column":2}},"10":{"start":{"line":49,"column":2},"end":{"line":null,"column":-1}},"11":{"start":{"line":58,"column":11},"end":{"line":58,"column":7}},"12":{"start":{"line":62,"column":27},"end":{"line":62,"column":26}},"13":{"start":{"line":64,"column":13},"end":{"line":64,"column":2}},"14":{"start":{"line":92,"column":2},"end":{"line":null,"column":-1}},"15":{"start":{"line":95,"column":2},"end":{"line":null,"column":-1}},"16":{"start":{"line":104,"column":11},"end":{"line":104,"column":7}},"17":{"start":{"line":104,"column":79},"end":{"line":104,"column":78}},"18":{"start":{"line":106,"column":13},"end":{"line":106,"column":2}},"19":{"start":{"line":122,"column":2},"end":{"line":null,"column":-1}},"20":{"start":{"line":131,"column":11},"end":{"line":131,"column":7}},"21":{"start":{"line":135,"column":31},"end":{"line":135,"column":30}},"22":{"start":{"line":137,"column":13},"end":{"line":137,"column":2}},"23":{"start":{"line":166,"column":10},"end":{"line":null,"column":-1}},"24":{"start":{"line":175,"column":10},"end":{"line":null,"column":-1}},"25":{"start":{"line":185,"column":2},"end":{"line":null,"column":-1}},"26":{"start":{"line":193,"column":11},"end":{"line":193,"column":7}},"27":{"start":{"line":196,"column":30},"end":{"line":196,"column":29}},"28":{"start":{"line":198,"column":18},"end":{"line":198,"column":2}},"29":{"start":{"line":199,"column":15},"end":{"line":199,"column":4}},"30":{"start":{"line":202,"column":4},"end":{"line":null,"column":-1}},"31":{"start":{"line":206,"column":13},"end":{"line":206,"column":2}},"32":{"start":{"line":222,"column":2},"end":{"line":null,"column":-1}},"33":{"start":{"line":230,"column":11},"end":{"line":230,"column":7}},"34":{"start":{"line":233,"column":32},"end":{"line":233,"column":31}},"35":{"start":{"line":235,"column":20},"end":{"line":235,"column":2}},"36":{"start":{"line":236,"column":4},"end":{"line":null,"column":-1}},"37":{"start":{"line":239,"column":4},"end":{"line":null,"column":-1}},"38":{"start":{"line":243,"column":17},"end":{"line":243,"column":2}},"39":{"start":{"line":245,"column":9},"end":{"line":null,"column":-1}},"40":{"start":{"line":248,"column":13},"end":{"line":248,"column":2}},"41":{"start":{"line":284,"column":2},"end":{"line":null,"column":-1}}},"fnMap":{"0":{"name":"PostPreview","decl":{"start":{"line":28,"column":11},"end":{"line":28,"column":25}},"loc":{"start":{"line":28,"column":79},"end":{"line":28,"column":7}}},"1":{"name":"ProductPreview","decl":{"start":{"line":58,"column":11},"end":{"line":58,"column":28}},"loc":{"start":{"line":62,"column":27},"end":{"line":58,"column":7}}},"2":{"name":"PagePreview","decl":{"start":{"line":104,"column":11},"end":{"line":104,"column":25}},"loc":{"start":{"line":104,"column":79},"end":{"line":104,"column":7}}},"3":{"name":"LandingPagePreview","decl":{"start":{"line":131,"column":11},"end":{"line":131,"column":32}},"loc":{"start":{"line":135,"column":31},"end":{"line":131,"column":7}}},"4":{"name":"(anonymous_5)","decl":{"start":{"line":165,"column":35},"end":{"line":165,"column":35}},"loc":{"start":{"line":165,"column":48},"end":{"line":165,"column":8}}},"5":{"name":"(anonymous_6)","decl":{"start":{"line":174,"column":39},"end":{"line":174,"column":39}},"loc":{"start":{"line":174,"column":56},"end":{"line":174,"column":8}}},"6":{"name":"NavigationPreview","decl":{"start":{"line":193,"column":11},"end":{"line":193,"column":31}},"loc":{"start":{"line":196,"column":30},"end":{"line":193,"column":7}}},"7":{"name":"(anonymous_8)","decl":{"start":{"line":198,"column":46},"end":{"line":198,"column":46}},"loc":{"start":{"line":198,"column":60},"end":{"line":198,"column":18}}},"8":{"name":"StoreDetailsPreview","decl":{"start":{"line":230,"column":11},"end":{"line":230,"column":33}},"loc":{"start":{"line":233,"column":32},"end":{"line":230,"column":7}}},"9":{"name":"(anonymous_10)","decl":{"start":{"line":235,"column":50},"end":{"line":235,"column":50}},"loc":{"start":{"line":235,"column":60},"end":{"line":235,"column":20}}},"10":{"name":"(anonymous_11)","decl":{"start":{"line":245,"column":9},"end":{"line":245,"column":9}},"loc":{"start":{"line":245,"column":9},"end":{"line":243,"column":17}}}},"branchMap":{"0":{"loc":{"start":{"line":213,"column":50},"end":{"line":213,"column":12}},"type":"cond-expr","locations":[{"start":{"line":213,"column":50},"end":{"line":213,"column":12}},{"start":{"line":213,"column":59},"end":{"line":null,"column":-1}}]}},"s":{"0":0,"1":0,"2":0,"3":0,"4":0,"5":0,"6":0,"7":0,"8":0,"9":0,"10":0,"11":0,"12":0,"13":0,"14":0,"15":0,"16":0,"17":0,"18":0,"19":0,"20":0,"21":0,"22":0,"23":0,"24":0,"25":0,"26":0,"27":0,"28":0,"29":0,"30":0,"31":0,"32":0,"33":0,"34":0,"35":0,"36":0,"37":0,"38":0,"39":0,"40":0,"41":0},"f":{"0":0,"1":0,"2":0,"3":0,"4":0,"5":0,"6":0,"7":0,"8":0,"9":0,"10":0},"b":{"0":[0,0]}}
,"/Users/Sean/Desktop/sushi-commerce/src/components/about.js": {"path":"/Users/Sean/Desktop/sushi-commerce/src/components/about.js","statementMap":{"0":{"start":{"line":12,"column":12},"end":{"line":56,"column":1}},"1":{"start":{"line":13,"column":26},"end":{"line":13,"column":31}},"2":{"start":{"line":15,"column":20},"end":{"line":19,"column":4}},"3":{"start":{"line":21,"column":14},"end":{"line":21,"column":73}},"4":{"start":{"line":21,"column":31},"end":{"line":21,"column":73}},"5":{"start":{"line":23,"column":28},"end":{"line":25,"column":3}},"6":{"start":{"line":27,"column":22},"end":{"line":31,"column":4}},"7":{"start":{"line":33,"column":33},"end":{"line":35,"column":3}},"8":{"start":{"line":37,"column":27},"end":{"line":39,"column":4}},"9":{"start":{"line":41,"column":19},"end":{"line":44,"column":4}},"10":{"start":{"line":46,"column":2},"end":{"line":55,"column":4}}},"fnMap":{"0":{"name":"(anonymous_0)","decl":{"start":{"line":12,"column":12},"end":{"line":12,"column":13}},"loc":{"start":{"line":12,"column":34},"end":{"line":56,"column":1}},"line":12},"1":{"name":"(anonymous_1)","decl":{"start":{"line":21,"column":14},"end":{"line":21,"column":15}},"loc":{"start":{"line":21,"column":31},"end":{"line":21,"column":73}},"line":21}},"branchMap":{},"s":{"0":1,"1":0,"2":0,"3":0,"4":0,"5":0,"6":0,"7":0,"8":0,"9":0,"10":0},"f":{"0":0,"1":0},"b":{},"_coverageSchema":"332fd63041d2c1bcb487cc26dd0d5f7d97098a6c","hash":"0673c5be76b69b4060c4690b2685e67f0df13b80"}
,"/Users/Sean/Desktop/sushi-commerce/src/components/banner.js": {"path":"/Users/Sean/Desktop/sushi-commerce/src/components/banner.js","statementMap":{"0":{"start":{"line":22,"column":13},"end":{"line":118,"column":1}},"1":{"start":{"line":29,"column":6},"end":{"line":29,"column":12}},"2":{"start":{"line":31,"column":24},"end":{"line":58,"column":3}},"3":{"start":{"line":60,"column":18},"end":{"line":60,"column":55}},"4":{"start":{"line":62,"column":22},"end":{"line":64,"column":3}},"5":{"start":{"line":66,"column":27},"end":{"line":77,"column":3}},"6":{"start":{"line":79,"column":19},"end":{"line":84,"column":3}},"7":{"start":{"line":86,"column":22},"end":{"line":91,"column":4}},"8":{"start":{"line":93,"column":25},"end":{"line":98,"column":4}},"9":{"start":{"line":100,"column":21},"end":{"line":103,"column":4}},"10":{"start":{"line":105,"column":2},"end":{"line":117,"column":4}}},"fnMap":{"0":{"name":"(anonymous_0)","decl":{"start":{"line":22,"column":13},"end":{"line":22,"column":14}},"loc":{"start":{"line":22,"column":36},"end":{"line":118,"column":1}},"line":22}},"branchMap":{},"s":{"0":1,"1":0,"2":0,"3":0,"4":0,"5":0,"6":0,"7":0,"8":0,"9":0,"10":0},"f":{"0":0},"b":{},"_coverageSchema":"332fd63041d2c1bcb487cc26dd0d5f7d97098a6c","hash":"48df8cf3c4992168dd2a5d5830c14a87d60d7ad0"}
,"/Users/Sean/Desktop/sushi-commerce/src/components/buttons.js": {"path":"/Users/Sean/Desktop/sushi-commerce/src/components/buttons.js","statementMap":{"0":{"start":{"line":3,"column":0},"end":{"line":null,"column":-1}},"1":{"start":{"line":4,"column":0},"end":{"line":null,"column":-1}},"2":{"start":{"line":8,"column":0},"end":{"line":null,"column":-1}},"3":{"start":{"line":9,"column":0},"end":{"line":null,"column":-1}},"4":{"start":{"line":21,"column":4},"end":{"line":null,"column":-1}},"5":{"start":{"line":29,"column":23},"end":{"line":29,"column":4}},"6":{"start":{"line":35,"column":21},"end":{"line":35,"column":4}},"7":{"start":{"line":40,"column":4},"end":{"line":null,"column":-1}},"8":{"start":{"line":51,"column":19},"end":{"line":50,"column":11}},"9":{"start":{"line":52,"column":24},"end":{"line":52,"column":4}},"10":{"start":{"line":56,"column":4},"end":{"line":null,"column":-1}},"11":{"start":{"line":69,"column":23},"end":{"line":69,"column":4}},"12":{"start":{"line":73,"column":21},"end":{"line":73,"column":4}},"13":{"start":{"line":77,"column":4},"end":{"line":null,"column":-1}},"14":{"start":{"line":88,"column":22},"end":{"line":88,"column":4}},"15":{"start":{"line":92,"column":4},"end":{"line":null,"column":-1}},"16":{"start":{"line":105,"column":4},"end":{"line":null,"column":-1}},"17":{"start":{"line":107,"column":21},"end":{"line":107,"column":4}},"18":{"start":{"line":112,"column":4},"end":{"line":null,"column":-1}},"19":{"start":{"line":130,"column":21},"end":{"line":129,"column":11}},"20":{"start":{"line":132,"column":4},"end":{"line":null,"column":-1}},"21":{"start":{"line":143,"column":4},"end":{"line":null,"column":-1}},"22":{"start":{"line":164,"column":4},"end":{"line":null,"column":-1}},"23":{"start":{"line":179,"column":4},"end":{"line":null,"column":-1}},"24":{"start":{"line":181,"column":4},"end":{"line":null,"column":-1}},"25":{"start":{"line":202,"column":19},"end":{"line":201,"column":11}},"26":{"start":{"line":204,"column":4},"end":{"line":null,"column":-1}},"27":{"start":{"line":214,"column":8},"end":{"line":209,"column":11}},"28":{"start":{"line":209,"column":11},"end":{"line":209,"column":10}},"29":{"start":{"line":216,"column":24},"end":{"line":216,"column":4}},"30":{"start":{"line":230,"column":4},"end":{"line":null,"column":-1}},"31":{"start":{"line":240,"column":11},"end":{"line":240,"column":7}},"32":{"start":{"line":240,"column":24},"end":{"line":240,"column":23}},"33":{"start":{"line":240,"column":24},"end":{"line":null,"column":-1}}},"fnMap":{"0":{"name":"BackButton","decl":{"start":{"line":240,"column":11},"end":{"line":240,"column":24}},"loc":{"start":{"line":240,"column":24},"end":{"line":240,"column":7}}}},"branchMap":{},"s":{"0":0,"1":0,"2":0,"3":0,"4":0,"5":0,"6":0,"7":0,"8":0,"9":0,"10":0,"11":0,"12":0,"13":0,"14":0,"15":0,"16":0,"17":0,"18":0,"19":0,"20":0,"21":0,"22":0,"23":0,"24":0,"25":0,"26":0,"27":0,"28":0,"29":0,"30":0,"31":0,"32":0,"33":0},"f":{"0":0},"b":{}}
,"/Users/Sean/Desktop/sushi-commerce/src/components/contact-form.js": {"path":"/Users/Sean/Desktop/sushi-commerce/src/components/contact-form.js","statementMap":{"0":{"start":{"line":5,"column":27},"end":{"line":11,"column":1}},"1":{"start":{"line":8,"column":23},"end":{"line":8,"column":176}},"2":{"start":{"line":10,"column":2},"end":{"line":10,"column":36}},"3":{"start":{"line":13,"column":17},"end":{"line":28,"column":1}},"4":{"start":{"line":14,"column":20},"end":{"line":14,"column":59}},"5":{"start":{"line":16,"column":2},"end":{"line":27,"column":4}},"6":{"start":{"line":45,"column":20},"end":{"line":45,"column":39}},"7":{"start":{"line":46,"column":23},"end":{"line":46,"column":33}},"8":{"start":{"line":47,"column":24},"end":{"line":47,"column":34}},"9":{"start":{"line":49,"column":4},"end":{"line":49,"column":20}},"10":{"start":{"line":51,"column":4},"end":{"line":55,"column":5}},"11":{"start":{"line":52,"column":6},"end":{"line":54,"column":7}},"12":{"start":{"line":53,"column":8},"end":{"line":53,"column":44}},"13":{"start":{"line":59,"column":20},"end":{"line":59,"column":39}},"14":{"start":{"line":61,"column":4},"end":{"line":63,"column":5}},"15":{"start":{"line":62,"column":6},"end":{"line":62,"column":41}},"16":{"start":{"line":67,"column":24},"end":{"line":67,"column":34}},"17":{"start":{"line":68,"column":20},"end":{"line":68,"column":30}},"18":{"start":{"line":70,"column":4},"end":{"line":84,"column":6}},"19":{"start":{"line":94,"column":27},"end":{"line":94,"column":73}},"20":{"start":{"line":97,"column":20},"end":{"line":97,"column":30}},"21":{"start":{"line":98,"column":4},"end":{"line":114,"column":6}},"22":{"start":{"line":124,"column":20},"end":{"line":128,"column":1}},"23":{"start":{"line":125,"column":2},"end":{"line":127,"column":15}},"24":{"start":{"line":126,"column":16},"end":{"line":126,"column":77}},"25":{"start":{"line":130,"column":19},"end":{"line":134,"column":1}},"26":{"start":{"line":131,"column":2},"end":{"line":133,"column":11}},"27":{"start":{"line":147,"column":47},"end":{"line":147,"column":78}},"28":{"start":{"line":149,"column":45},"end":{"line":149,"column":78}},"29":{"start":{"line":152,"column":29},"end":{"line":152,"column":39}},"30":{"start":{"line":153,"column":4},"end":{"line":153,"column":23}},"31":{"start":{"line":154,"column":4},"end":{"line":164,"column":36}},"32":{"start":{"line":163,"column":18},"end":{"line":163,"column":54}},"33":{"start":{"line":164,"column":22},"end":{"line":164,"column":34}},"34":{"start":{"line":168,"column":29},"end":{"line":168,"column":39}},"35":{"start":{"line":169,"column":4},"end":{"line":187,"column":6}}},"fnMap":{"0":{"name":"(anonymous_0)","decl":{"start":{"line":5,"column":27},"end":{"line":5,"column":28}},"loc":{"start":{"line":5,"column":46},"end":{"line":11,"column":1}},"line":5},"1":{"name":"(anonymous_1)","decl":{"start":{"line":13,"column":17},"end":{"line":13,"column":18}},"loc":{"start":{"line":13,"column":61},"end":{"line":28,"column":1}},"line":13},"2":{"name":"(anonymous_2)","decl":{"start":{"line":44,"column":18},"end":{"line":44,"column":19}},"loc":{"start":{"line":44,"column":27},"end":{"line":56,"column":3}},"line":44},"3":{"name":"(anonymous_3)","decl":{"start":{"line":58,"column":16},"end":{"line":58,"column":17}},"loc":{"start":{"line":58,"column":25},"end":{"line":64,"column":3}},"line":58},"4":{"name":"(anonymous_4)","decl":{"start":{"line":66,"column":2},"end":{"line":66,"column":3}},"loc":{"start":{"line":66,"column":11},"end":{"line":85,"column":3}},"line":66},"5":{"name":"(anonymous_5)","decl":{"start":{"line":94,"column":18},"end":{"line":94,"column":19}},"loc":{"start":{"line":94,"column":27},"end":{"line":94,"column":73}},"line":94},"6":{"name":"(anonymous_6)","decl":{"start":{"line":96,"column":2},"end":{"line":96,"column":3}},"loc":{"start":{"line":96,"column":11},"end":{"line":115,"column":3}},"line":96},"7":{"name":"(anonymous_7)","decl":{"start":{"line":124,"column":20},"end":{"line":124,"column":21}},"loc":{"start":{"line":124,"column":42},"end":{"line":128,"column":1}},"line":124},"8":{"name":"(anonymous_8)","decl":{"start":{"line":126,"column":9},"end":{"line":126,"column":10}},"loc":{"start":{"line":126,"column":16},"end":{"line":126,"column":77}},"line":126},"9":{"name":"(anonymous_9)","decl":{"start":{"line":130,"column":19},"end":{"line":130,"column":20}},"loc":{"start":{"line":131,"column":2},"end":{"line":133,"column":11}},"line":131},"10":{"name":"(anonymous_10)","decl":{"start":{"line":147,"column":28},"end":{"line":147,"column":29}},"loc":{"start":{"line":147,"column":47},"end":{"line":147,"column":78}},"line":147},"11":{"name":"(anonymous_11)","decl":{"start":{"line":149,"column":26},"end":{"line":149,"column":27}},"loc":{"start":{"line":149,"column":45},"end":{"line":149,"column":78}},"line":149},"12":{"name":"(anonymous_12)","decl":{"start":{"line":151,"column":18},"end":{"line":151,"column":19}},"loc":{"start":{"line":151,"column":60},"end":{"line":165,"column":3}},"line":151},"13":{"name":"(anonymous_13)","decl":{"start":{"line":163,"column":12},"end":{"line":163,"column":13}},"loc":{"start":{"line":163,"column":18},"end":{"line":163,"column":54}},"line":163},"14":{"name":"(anonymous_14)","decl":{"start":{"line":164,"column":13},"end":{"line":164,"column":14}},"loc":{"start":{"line":164,"column":22},"end":{"line":164,"column":34}},"line":164},"15":{"name":"(anonymous_15)","decl":{"start":{"line":167,"column":2},"end":{"line":167,"column":3}},"loc":{"start":{"line":167,"column":11},"end":{"line":188,"column":3}},"line":167}},"branchMap":{"0":{"loc":{"start":{"line":14,"column":20},"end":{"line":14,"column":59}},"type":"cond-expr","locations":[{"start":{"line":14,"column":32},"end":{"line":14,"column":49}},{"start":{"line":14,"column":52},"end":{"line":14,"column":59}}],"line":14},"1":{"loc":{"start":{"line":51,"column":4},"end":{"line":55,"column":5}},"type":"if","locations":[{"start":{"line":51,"column":4},"end":{"line":55,"column":5}},{"start":{"line":51,"column":4},"end":{"line":55,"column":5}}],"line":51},"2":{"loc":{"start":{"line":52,"column":6},"end":{"line":54,"column":7}},"type":"if","locations":[{"start":{"line":52,"column":6},"end":{"line":54,"column":7}},{"start":{"line":52,"column":6},"end":{"line":54,"column":7}}],"line":52},"3":{"loc":{"start":{"line":61,"column":4},"end":{"line":63,"column":5}},"type":"if","locations":[{"start":{"line":61,"column":4},"end":{"line":63,"column":5}},{"start":{"line":61,"column":4},"end":{"line":63,"column":5}}],"line":61}},"s":{"0":1,"1":17,"2":17,"3":1,"4":18,"5":18,"6":6,"7":6,"8":6,"9":6,"10":6,"11":1,"12":1,"13":2,"14":2,"15":2,"16":18,"17":18,"18":18,"19":3,"20":16,"21":16,"22":1,"23":3,"24":8,"25":1,"26":16,"27":6,"28":3,"29":2,"30":2,"31":2,"32":2,"33":2,"34":16,"35":16},"f":{"0":17,"1":18,"2":6,"3":2,"4":18,"5":3,"6":16,"7":3,"8":8,"9":16,"10":6,"11":3,"12":2,"13":2,"14":2,"15":16},"b":{"0":[2,16],"1":[1,5],"2":[1,0],"3":[2,0]},"_coverageSchema":"332fd63041d2c1bcb487cc26dd0d5f7d97098a6c","hash":"4ba4052ecf34a4d999a9a5f73e61c22f23489655"}
,"/Users/Sean/Desktop/sushi-commerce/src/components/date.js": {"path":"/Users/Sean/Desktop/sushi-commerce/src/components/date.js","statementMap":{"0":{"start":{"line":2,"column":0},"end":{"line":null,"column":-1}},"1":{"start":{"line":3,"column":0},"end":{"line":null,"column":-1}},"2":{"start":{"line":5,"column":11},"end":{"line":5,"column":0}},"3":{"start":{"line":5,"column":43},"end":{"line":5,"column":42}},"4":{"start":{"line":6,"column":25},"end":{"line":6,"column":2}},"5":{"start":{"line":11,"column":19},"end":{"line":11,"column":2}},"6":{"start":{"line":16,"column":2},"end":{"line":null,"column":-1}}},"fnMap":{"0":{"name":"Date","decl":{"start":{"line":5,"column":4},"end":{"line":5,"column":11}},"loc":{"start":{"line":5,"column":43},"end":{"line":5,"column":0}}}},"branchMap":{},"s":{"0":0,"1":0,"2":0,"3":0,"4":0,"5":0,"6":0},"f":{"0":0},"b":{}}
,"/Users/Sean/Desktop/sushi-commerce/src/components/features.js": {"path":"/Users/Sean/Desktop/sushi-commerce/src/components/features.js","statementMap":{"0":{"start":{"line":10,"column":24},"end":{"line":10,"column":26}},"1":{"start":{"line":13,"column":4},"end":{"line":25,"column":5}},"2":{"start":{"line":15,"column":6},"end":{"line":15,"column":42}},"3":{"start":{"line":18,"column":6},"end":{"line":24,"column":9}},"4":{"start":{"line":19,"column":8},"end":{"line":23,"column":10}},"5":{"start":{"line":28,"column":4},"end":{"line":28,"column":53}},"6":{"start":{"line":32,"column":23},"end":{"line":32,"column":33}},"7":{"start":{"line":34,"column":24},"end":{"line":36,"column":5}},"8":{"start":{"line":38,"column":22},"end":{"line":42,"column":6}},"9":{"start":{"line":44,"column":4},"end":{"line":51,"column":6}},"10":{"start":{"line":67,"column":4},"end":{"line":104,"column":7}},"11":{"start":{"line":68,"column":36},"end":{"line":68,"column":43}},"12":{"start":{"line":70,"column":26},"end":{"line":72,"column":8}},"13":{"start":{"line":74,"column":26},"end":{"line":78,"column":8}},"14":{"start":{"line":80,"column":29},"end":{"line":83,"column":7}},"15":{"start":{"line":85,"column":23},"end":{"line":85,"column":65}},"16":{"start":{"line":87,"column":23},"end":{"line":90,"column":8}},"17":{"start":{"line":92,"column":6},"end":{"line":103,"column":8}},"18":{"start":{"line":108,"column":23},"end":{"line":108,"column":33}},"19":{"start":{"line":110,"column":30},"end":{"line":112,"column":5}},"20":{"start":{"line":114,"column":24},"end":{"line":118,"column":6}},"21":{"start":{"line":120,"column":29},"end":{"line":122,"column":5}},"22":{"start":{"line":124,"column":4},"end":{"line":133,"column":6}}},"fnMap":{"0":{"name":"(anonymous_0)","decl":{"start":{"line":9,"column":2},"end":{"line":9,"column":3}},"loc":{"start":{"line":9,"column":36},"end":{"line":29,"column":3}},"line":9},"1":{"name":"(anonymous_1)","decl":{"start":{"line":18,"column":31},"end":{"line":18,"column":32}},"loc":{"start":{"line":18,"column":44},"end":{"line":24,"column":7}},"line":18},"2":{"name":"(anonymous_2)","decl":{"start":{"line":31,"column":2},"end":{"line":31,"column":3}},"loc":{"start":{"line":31,"column":11},"end":{"line":52,"column":3}},"line":31},"3":{"name":"(anonymous_3)","decl":{"start":{"line":66,"column":2},"end":{"line":66,"column":3}},"loc":{"start":{"line":66,"column":44},"end":{"line":105,"column":3}},"line":66},"4":{"name":"(anonymous_4)","decl":{"start":{"line":67,"column":24},"end":{"line":67,"column":25}},"loc":{"start":{"line":67,"column":37},"end":{"line":104,"column":5}},"line":67},"5":{"name":"(anonymous_5)","decl":{"start":{"line":107,"column":2},"end":{"line":107,"column":3}},"loc":{"start":{"line":107,"column":11},"end":{"line":134,"column":3}},"line":107}},"branchMap":{"0":{"loc":{"start":{"line":13,"column":4},"end":{"line":25,"column":5}},"type":"if","locations":[{"start":{"line":13,"column":4},"end":{"line":25,"column":5}},{"start":{"line":13,"column":4},"end":{"line":25,"column":5}}],"line":13}},"s":{"0":0,"1":0,"2":0,"3":0,"4":0,"5":0,"6":0,"7":0,"8":0,"9":0,"10":0,"11":0,"12":0,"13":0,"14":0,"15":0,"16":0,"17":0,"18":0,"19":0,"20":0,"21":0,"22":0},"f":{"0":0,"1":0,"2":0,"3":0,"4":0,"5":0},"b":{"0":[0,0]},"_coverageSchema":"332fd63041d2c1bcb487cc26dd0d5f7d97098a6c","hash":"8793be40800d56bfbeef230040648adaedbaa1a1"}
,"/Users/Sean/Desktop/sushi-commerce/src/components/footer.js": {"path":"/Users/Sean/Desktop/sushi-commerce/src/components/footer.js","statementMap":{"0":{"start":{"line":15,"column":11},"end":{"line":15,"column":21}},"1":{"start":{"line":16,"column":15},"end":{"line":16,"column":33}},"2":{"start":{"line":18,"column":16},"end":{"line":30,"column":1}},"3":{"start":{"line":19,"column":25},"end":{"line":21,"column":3}},"4":{"start":{"line":22,"column":19},"end":{"line":22,"column":76}},"5":{"start":{"line":24,"column":2},"end":{"line":29,"column":4}},"6":{"start":{"line":32,"column":18},"end":{"line":80,"column":1}},"7":{"start":{"line":33,"column":15},"end":{"line":62,"column":3}},"8":{"start":{"line":34,"column":20},"end":{"line":36,"column":5}},"9":{"start":{"line":38,"column":23},"end":{"line":41,"column":6}},"10":{"start":{"line":43,"column":27},"end":{"line":45,"column":5}},"11":{"start":{"line":46,"column":21},"end":{"line":46,"column":64}},"12":{"start":{"line":48,"column":21},"end":{"line":50,"column":5}},"13":{"start":{"line":52,"column":4},"end":{"line":61,"column":6}},"14":{"start":{"line":64,"column":22},"end":{"line":70,"column":3}},"15":{"start":{"line":72,"column":2},"end":{"line":79,"column":4}},"16":{"start":{"line":75,"column":29},"end":{"line":75,"column":35}},"17":{"start":{"line":76,"column":8},"end":{"line":76,"column":61}},"18":{"start":{"line":82,"column":21},"end":{"line":101,"column":1}},"19":{"start":{"line":83,"column":22},"end":{"line":87,"column":3}},"20":{"start":{"line":89,"column":19},"end":{"line":91,"column":3}},"21":{"start":{"line":93,"column":2},"end":{"line":100,"column":4}},"22":{"start":{"line":105,"column":45},"end":{"line":105,"column":55}},"23":{"start":{"line":106,"column":24},"end":{"line":116,"column":5}},"24":{"start":{"line":118,"column":4},"end":{"line":126,"column":6}}},"fnMap":{"0":{"name":"(anonymous_0)","decl":{"start":{"line":18,"column":16},"end":{"line":18,"column":17}},"loc":{"start":{"line":18,"column":31},"end":{"line":30,"column":1}},"line":18},"1":{"name":"(anonymous_1)","decl":{"start":{"line":32,"column":18},"end":{"line":32,"column":19}},"loc":{"start":{"line":32,"column":39},"end":{"line":80,"column":1}},"line":32},"2":{"name":"(anonymous_2)","decl":{"start":{"line":33,"column":15},"end":{"line":33,"column":16}},"loc":{"start":{"line":33,"column":35},"end":{"line":62,"column":3}},"line":33},"3":{"name":"(anonymous_3)","decl":{"start":{"line":74,"column":23},"end":{"line":74,"column":24}},"loc":{"start":{"line":74,"column":35},"end":{"line":77,"column":7}},"line":74},"4":{"name":"(anonymous_4)","decl":{"start":{"line":82,"column":21},"end":{"line":82,"column":22}},"loc":{"start":{"line":82,"column":27},"end":{"line":101,"column":1}},"line":82},"5":{"name":"(anonymous_5)","decl":{"start":{"line":104,"column":2},"end":{"line":104,"column":3}},"loc":{"start":{"line":104,"column":11},"end":{"line":127,"column":3}},"line":104}},"branchMap":{},"s":{"0":1,"1":1,"2":1,"3":3,"4":3,"5":3,"6":1,"7":3,"8":6,"9":6,"10":6,"11":6,"12":6,"13":6,"14":3,"15":3,"16":6,"17":6,"18":1,"19":3,"20":3,"21":3,"22":4,"23":4,"24":4},"f":{"0":3,"1":3,"2":6,"3":6,"4":3,"5":4},"b":{},"_coverageSchema":"332fd63041d2c1bcb487cc26dd0d5f7d97098a6c","hash":"ea3361ac9daac2280510d184f4b4875048207b4a"}
,"/Users/Sean/Desktop/sushi-commerce/src/components/header.js": {"path":"/Users/Sean/Desktop/sushi-commerce/src/components/header.js","statementMap":{"0":{"start":{"line":11,"column":11},"end":{"line":23,"column":1}},"1":{"start":{"line":12,"column":2},"end":{"line":22,"column":4}},"2":{"start":{"line":25,"column":18},"end":{"line":58,"column":1}},"3":{"start":{"line":28,"column":24},"end":{"line":28,"column":78}},"4":{"start":{"line":30,"column":19},"end":{"line":33,"column":3}},"5":{"start":{"line":35,"column":21},"end":{"line":40,"column":3}},"6":{"start":{"line":42,"column":2},"end":{"line":57,"column":4}},"7":{"start":{"line":66,"column":23},"end":{"line":126,"column":1}},"8":{"start":{"line":72,"column":2},"end":{"line":72,"column":39}},"9":{"start":{"line":74,"column":22},"end":{"line":74,"column":66}},"10":{"start":{"line":76,"column":21},"end":{"line":84,"column":3}},"11":{"start":{"line":86,"column":19},"end":{"line":90,"column":4}},"12":{"start":{"line":92,"column":19},"end":{"line":95,"column":3}},"13":{"start":{"line":97,"column":2},"end":{"line":125,"column":4}},"14":{"start":{"line":128,"column":18},"end":{"line":155,"column":1}},"15":{"start":{"line":132,"column":18},"end":{"line":144,"column":4}},"16":{"start":{"line":133,"column":23},"end":{"line":133,"column":27}},"17":{"start":{"line":135,"column":21},"end":{"line":137,"column":5}},"18":{"start":{"line":139,"column":4},"end":{"line":143,"column":6}},"19":{"start":{"line":146,"column":2},"end":{"line":154,"column":4}},"20":{"start":{"line":157,"column":16},"end":{"line":174,"column":1}},"21":{"start":{"line":158,"column":21},"end":{"line":161,"column":3}},"22":{"start":{"line":163,"column":2},"end":{"line":173,"column":4}},"23":{"start":{"line":209,"column":23},"end":{"line":209,"column":33}},"24":{"start":{"line":210,"column":4},"end":{"line":212,"column":7}},"25":{"start":{"line":217,"column":4},"end":{"line":217,"column":46}},"26":{"start":{"line":221,"column":52},"end":{"line":221,"column":62}},"27":{"start":{"line":222,"column":23},"end":{"line":222,"column":33}},"28":{"start":{"line":223,"column":26},"end":{"line":223,"column":76}},"29":{"start":{"line":225,"column":4},"end":{"line":254,"column":6}}},"fnMap":{"0":{"name":"(anonymous_0)","decl":{"start":{"line":11,"column":11},"end":{"line":11,"column":12}},"loc":{"start":{"line":11,"column":26},"end":{"line":23,"column":1}},"line":11},"1":{"name":"(anonymous_1)","decl":{"start":{"line":25,"column":18},"end":{"line":25,"column":19}},"loc":{"start":{"line":25,"column":51},"end":{"line":58,"column":1}},"line":25},"2":{"name":"(anonymous_2)","decl":{"start":{"line":66,"column":23},"end":{"line":66,"column":24}},"loc":{"start":{"line":70,"column":29},"end":{"line":126,"column":1}},"line":70},"3":{"name":"(anonymous_3)","decl":{"start":{"line":128,"column":18},"end":{"line":128,"column":19}},"loc":{"start":{"line":128,"column":68},"end":{"line":155,"column":1}},"line":128},"4":{"name":"(anonymous_4)","decl":{"start":{"line":132,"column":32},"end":{"line":132,"column":33}},"loc":{"start":{"line":132,"column":42},"end":{"line":144,"column":3}},"line":132},"5":{"name":"(anonymous_5)","decl":{"start":{"line":157,"column":16},"end":{"line":157,"column":17}},"loc":{"start":{"line":157,"column":46},"end":{"line":174,"column":1}},"line":157},"6":{"name":"(anonymous_6)","decl":{"start":{"line":205,"column":27},"end":{"line":205,"column":28}},"loc":{"start":{"line":205,"column":33},"end":{"line":213,"column":3}},"line":205},"7":{"name":"(anonymous_7)","decl":{"start":{"line":215,"column":21},"end":{"line":215,"column":22}},"loc":{"start":{"line":215,"column":27},"end":{"line":218,"column":3}},"line":215},"8":{"name":"(anonymous_8)","decl":{"start":{"line":220,"column":2},"end":{"line":220,"column":3}},"loc":{"start":{"line":220,"column":11},"end":{"line":255,"column":3}},"line":220}},"branchMap":{"0":{"loc":{"start":{"line":28,"column":24},"end":{"line":28,"column":78}},"type":"cond-expr","locations":[{"start":{"line":28,"column":35},"end":{"line":28,"column":60}},{"start":{"line":28,"column":63},"end":{"line":28,"column":78}}],"line":28},"1":{"loc":{"start":{"line":68,"column":2},"end":{"line":68,"column":16}},"type":"default-arg","locations":[{"start":{"line":68,"column":14},"end":{"line":68,"column":16}}],"line":68},"2":{"loc":{"start":{"line":69,"column":2},"end":{"line":69,"column":12}},"type":"default-arg","locations":[{"start":{"line":69,"column":10},"end":{"line":69,"column":12}}],"line":69},"3":{"loc":{"start":{"line":223,"column":26},"end":{"line":223,"column":76}},"type":"cond-expr","locations":[{"start":{"line":223,"column":37},"end":{"line":223,"column":60}},{"start":{"line":223,"column":63},"end":{"line":223,"column":76}}],"line":223}},"s":{"0":1,"1":1,"2":1,"3":1,"4":1,"5":1,"6":1,"7":1,"8":2,"9":2,"10":2,"11":2,"12":2,"13":2,"14":1,"15":1,"16":2,"17":2,"18":2,"19":1,"20":1,"21":1,"22":1,"23":0,"24":0,"25":0,"26":1,"27":1,"28":1,"29":1},"f":{"0":1,"1":1,"2":2,"3":1,"4":2,"5":1,"6":0,"7":0,"8":1},"b":{"0":[0,1],"1":[0],"2":[1],"3":[0,1]},"_coverageSchema":"332fd63041d2c1bcb487cc26dd0d5f7d97098a6c","hash":"44604c652b62d3fc49b1f76e923210c1ed9a221b"}
,"/Users/Sean/Desktop/sushi-commerce/src/components/html.js": {"path":"/Users/Sean/Desktop/sushi-commerce/src/components/html.js","statementMap":{"0":{"start":{"line":2,"column":0},"end":{"line":null,"column":-1}},"1":{"start":{"line":3,"column":0},"end":{"line":null,"column":-1}},"2":{"start":{"line":13,"column":11},"end":{"line":13,"column":0}},"3":{"start":{"line":18,"column":17},"end":{"line":18,"column":16}},"4":{"start":{"line":18,"column":17},"end":{"line":null,"column":-1}},"5":{"start":{"line":19,"column":2},"end":{"line":25,"column":3}},"6":{"start":{"line":20,"column":4},"end":{"line":null,"column":-1}},"7":{"start":{"line":27,"column":2},"end":{"line":null,"column":-1}}},"fnMap":{"0":{"name":"Html","decl":{"start":{"line":13,"column":4},"end":{"line":13,"column":11}},"loc":{"start":{"line":18,"column":17},"end":{"line":13,"column":0}}}},"branchMap":{"0":{"loc":{"start":{"line":15,"column":10},"end":{"line":18,"column":17}},"type":"cond-expr","locations":[{"start":{"line":15,"column":10},"end":{"line":18,"column":17}},{"start":{"line":18,"column":17},"end":{"line":null,"column":-1}}]},"1":{"loc":{"start":{"line":16,"column":14},"end":{"line":18,"column":17}},"type":"cond-expr","locations":[{"start":{"line":16,"column":14},"end":{"line":18,"column":17}},{"start":{"line":18,"column":17},"end":{"line":null,"column":-1}}]},"2":{"loc":{"start":{"line":17,"column":14},"end":{"line":18,"column":17}},"type":"cond-expr","locations":[{"start":{"line":17,"column":14},"end":{"line":18,"column":17}},{"start":{"line":18,"column":17},"end":{"line":null,"column":-1}}]},"3":{"loc":{"start":{"line":19,"column":2},"end":{"line":25,"column":3}},"type":"if","locations":[{"start":{"line":19,"column":2},"end":{"line":25,"column":3}},{"start":{"line":19,"column":2},"end":{"line":25,"column":3}}]}},"s":{"0":0,"1":0,"2":0,"3":0,"4":0,"5":0,"6":0,"7":0},"f":{"0":0},"b":{"0":[0,0],"1":[0,0],"2":[0,0],"3":[0,0]}}
,"/Users/Sean/Desktop/sushi-commerce/src/components/images.js": {"path":"/Users/Sean/Desktop/sushi-commerce/src/components/images.js","statementMap":{"0":{"start":{"line":2,"column":0},"end":{"line":null,"column":-1}},"1":{"start":{"line":3,"column":0},"end":{"line":null,"column":-1}},"2":{"start":{"line":4,"column":0},"end":{"line":null,"column":-1}},"3":{"start":{"line":6,"column":0},"end":{"line":null,"column":-1}},"4":{"start":{"line":16,"column":11},"end":{"line":16,"column":7}},"5":{"start":{"line":21,"column":26},"end":{"line":21,"column":25}},"6":{"start":{"line":21,"column":26},"end":{"line":null,"column":-1}},"7":{"start":{"line":23,"column":2},"end":{"line":31,"column":3}},"8":{"start":{"line":24,"column":20},"end":{"line":24,"column":4}},"9":{"start":{"line":26,"column":22},"end":{"line":26,"column":4}},"10":{"start":{"line":30,"column":4},"end":{"line":null,"column":-1}},"11":{"start":{"line":34,"column":2},"end":{"line":null,"column":-1}},"12":{"start":{"line":44,"column":11},"end":{"line":44,"column":7}},"13":{"start":{"line":44,"column":56},"end":{"line":44,"column":55}},"14":{"start":{"line":46,"column":18},"end":{"line":46,"column":2}},"15":{"start":{"line":47,"column":2},"end":{"line":null,"column":-1}}},"fnMap":{"0":{"name":"FeaturedImage","decl":{"start":{"line":16,"column":11},"end":{"line":16,"column":27}},"loc":{"start":{"line":21,"column":26},"end":{"line":16,"column":7}}},"1":{"name":"GridImage","decl":{"start":{"line":44,"column":11},"end":{"line":44,"column":23}},"loc":{"start":{"line":44,"column":56},"end":{"line":44,"column":7}}}},"branchMap":{"0":{"loc":{"start":{"line":18,"column":10},"end":{"line":21,"column":26}},"type":"cond-expr","locations":[{"start":{"line":18,"column":10},"end":{"line":21,"column":26}},{"start":{"line":21,"column":26},"end":{"line":null,"column":-1}}]},"1":{"loc":{"start":{"line":19,"column":8},"end":{"line":21,"column":26}},"type":"cond-expr","locations":[{"start":{"line":19,"column":8},"end":{"line":21,"column":26}},{"start":{"line":21,"column":26},"end":{"line":null,"column":-1}}]},"2":{"loc":{"start":{"line":20,"column":14},"end":{"line":21,"column":26}},"type":"cond-expr","locations":[{"start":{"line":20,"column":14},"end":{"line":21,"column":26}},{"start":{"line":21,"column":26},"end":{"line":null,"column":-1}}]},"3":{"loc":{"start":{"line":23,"column":2},"end":{"line":31,"column":3}},"type":"if","locations":[{"start":{"line":23,"column":2},"end":{"line":31,"column":3}},{"start":{"line":23,"column":2},"end":{"line":31,"column":3}}]},"4":{"loc":{"start":{"line":23,"column":6},"end":{"line":23,"column":18}},"type":"binary-expr","locations":[{"start":{"line":23,"column":6},"end":{"line":23,"column":18}},{"start":{"line":23,"column":19},"end":{"line":23,"column":2}}]}},"s":{"0":0,"1":0,"2":0,"3":0,"4":0,"5":0,"6":0,"7":0,"8":0,"9":0,"10":0,"11":0,"12":0,"13":0,"14":0,"15":0},"f":{"0":0,"1":0},"b":{"0":[0,0],"1":[0,0],"2":[0,0],"3":[0,0],"4":[0,0]}}
,"/Users/Sean/Desktop/sushi-commerce/src/components/price.js": {"path":"/Users/Sean/Desktop/sushi-commerce/src/components/price.js","statementMap":{"0":{"start":{"line":2,"column":0},"end":{"line":null,"column":-1}},"1":{"start":{"line":3,"column":0},"end":{"line":null,"column":-1}},"2":{"start":{"line":10,"column":12},"end":{"line":10,"column":0}},"3":{"start":{"line":10,"column":55},"end":{"line":10,"column":54}},"4":{"start":{"line":10,"column":55},"end":{"line":null,"column":-1}},"5":{"start":{"line":11,"column":20},"end":{"line":11,"column":2}},"6":{"start":{"line":13,"column":2},"end":{"line":null,"column":-1}}},"fnMap":{"0":{"name":"Price","decl":{"start":{"line":10,"column":4},"end":{"line":10,"column":12}},"loc":{"start":{"line":10,"column":55},"end":{"line":10,"column":0}}}},"branchMap":{"0":{"loc":{"start":{"line":10,"column":34},"end":{"line":10,"column":55}},"type":"cond-expr","locations":[{"start":{"line":10,"column":34},"end":{"line":10,"column":55}},{"start":{"line":10,"column":55},"end":{"line":null,"column":-1}}]}},"s":{"0":0,"1":0,"2":0,"3":0,"4":0,"5":0,"6":0},"f":{"0":0},"b":{"0":[0,0]}}
,"/Users/Sean/Desktop/sushi-commerce/src/components/tags.js": {"path":"/Users/Sean/Desktop/sushi-commerce/src/components/tags.js","statementMap":{"0":{"start":{"line":2,"column":0},"end":{"line":null,"column":-1}},"1":{"start":{"line":8,"column":10},"end":{"line":8,"column":0}},"2":{"start":{"line":8,"column":40},"end":{"line":8,"column":39}},"3":{"start":{"line":9,"column":18},"end":{"line":9,"column":2}},"4":{"start":{"line":11,"column":2},"end":{"line":null,"column":-1}},"5":{"start":{"line":19,"column":4},"end":{"line":null,"column":-1}},"6":{"start":{"line":20,"column":6},"end":{"line":null,"column":-1}},"7":{"start":{"line":25,"column":19},"end":{"line":24,"column":11}},"8":{"start":{"line":27,"column":4},"end":{"line":null,"column":-1}}},"fnMap":{"0":{"name":"Tag","decl":{"start":{"line":8,"column":4},"end":{"line":8,"column":10}},"loc":{"start":{"line":8,"column":40},"end":{"line":8,"column":0}}},"1":{"name":"(anonymous_11)","decl":{"start":{"line":19,"column":20},"end":{"line":19,"column":20}},"loc":{"start":{"line":19,"column":29},"end":{"line":19,"column":11}}}},"branchMap":{},"s":{"0":0,"1":0,"2":0,"3":0,"4":0,"5":0,"6":0,"7":0,"8":0},"f":{"0":0,"1":0},"b":{}}
,"/Users/Sean/Desktop/sushi-commerce/src/components/testimonials.js": {"path":"/Users/Sean/Desktop/sushi-commerce/src/components/testimonials.js","statementMap":{"0":{"start":{"line":15,"column":18},"end":{"line":37,"column":1}},"1":{"start":{"line":16,"column":28},"end":{"line":18,"column":3}},"2":{"start":{"line":20,"column":22},"end":{"line":22,"column":4}},"3":{"start":{"line":24,"column":19},"end":{"line":24,"column":76}},"4":{"start":{"line":26,"column":19},"end":{"line":26,"column":64}},"5":{"start":{"line":28,"column":2},"end":{"line":36,"column":4}},"6":{"start":{"line":41,"column":4},"end":{"line":44,"column":7}},"7":{"start":{"line":42,"column":27},"end":{"line":42,"column":38}},"8":{"start":{"line":43,"column":6},"end":{"line":43,"column":64}},"9":{"start":{"line":48,"column":27},"end":{"line":48,"column":37}},"10":{"start":{"line":50,"column":29},"end":{"line":52,"column":5}},"11":{"start":{"line":54,"column":29},"end":{"line":57,"column":5}},"12":{"start":{"line":59,"column":30},"end":{"line":61,"column":5}},"13":{"start":{"line":63,"column":24},"end":{"line":67,"column":6}},"14":{"start":{"line":69,"column":4},"end":{"line":81,"column":6}}},"fnMap":{"0":{"name":"(anonymous_0)","decl":{"start":{"line":15,"column":18},"end":{"line":15,"column":19}},"loc":{"start":{"line":15,"column":67},"end":{"line":37,"column":1}},"line":15},"1":{"name":"(anonymous_1)","decl":{"start":{"line":40,"column":2},"end":{"line":40,"column":3}},"loc":{"start":{"line":40,"column":60},"end":{"line":45,"column":3}},"line":40},"2":{"name":"(anonymous_2)","decl":{"start":{"line":41,"column":28},"end":{"line":41,"column":29}},"loc":{"start":{"line":41,"column":45},"end":{"line":44,"column":5}},"line":41},"3":{"name":"(anonymous_3)","decl":{"start":{"line":47,"column":2},"end":{"line":47,"column":3}},"loc":{"start":{"line":47,"column":11},"end":{"line":82,"column":3}},"line":47}},"branchMap":{},"s":{"0":1,"1":0,"2":0,"3":0,"4":0,"5":0,"6":0,"7":0,"8":0,"9":0,"10":0,"11":0,"12":0,"13":0,"14":0},"f":{"0":0,"1":0,"2":0,"3":0},"b":{},"_coverageSchema":"332fd63041d2c1bcb487cc26dd0d5f7d97098a6c","hash":"ee56fc7f5a0fffc6f826ebc2645000190d80748d"}
,"/Users/Sean/Desktop/sushi-commerce/src/components/titles.js": {"path":"/Users/Sean/Desktop/sushi-commerce/src/components/titles.js","statementMap":{"0":{"start":{"line":2,"column":0},"end":{"line":null,"column":-1}},"1":{"start":{"line":3,"column":0},"end":{"line":null,"column":-1}},"2":{"start":{"line":4,"column":0},"end":{"line":null,"column":-1}},"3":{"start":{"line":11,"column":11},"end":{"line":11,"column":7}},"4":{"start":{"line":11,"column":70},"end":{"line":11,"column":69}},"5":{"start":{"line":11,"column":70},"end":{"line":null,"column":-1}},"6":{"start":{"line":12,"column":25},"end":{"line":12,"column":2}},"7":{"start":{"line":17,"column":19},"end":{"line":17,"column":2}},"8":{"start":{"line":19,"column":2},"end":{"line":null,"column":-1}},"9":{"start":{"line":32,"column":11},"end":{"line":32,"column":7}},"10":{"start":{"line":32,"column":74},"end":{"line":32,"column":73}},"11":{"start":{"line":32,"column":74},"end":{"line":null,"column":-1}},"12":{"start":{"line":33,"column":25},"end":{"line":33,"column":2}},"13":{"start":{"line":36,"column":19},"end":{"line":36,"column":2}},"14":{"start":{"line":42,"column":2},"end":{"line":null,"column":-1}}},"fnMap":{"0":{"name":"PageTitle","decl":{"start":{"line":11,"column":11},"end":{"line":11,"column":23}},"loc":{"start":{"line":11,"column":70},"end":{"line":11,"column":7}}},"1":{"name":"GridTitle","decl":{"start":{"line":32,"column":11},"end":{"line":32,"column":23}},"loc":{"start":{"line":32,"column":74},"end":{"line":32,"column":7}}}},"branchMap":{"0":{"loc":{"start":{"line":11,"column":45},"end":{"line":11,"column":70}},"type":"cond-expr","locations":[{"start":{"line":11,"column":45},"end":{"line":11,"column":70}},{"start":{"line":11,"column":70},"end":{"line":null,"column":-1}}]},"1":{"loc":{"start":{"line":32,"column":49},"end":{"line":32,"column":74}},"type":"cond-expr","locations":[{"start":{"line":32,"column":49},"end":{"line":32,"column":74}},{"start":{"line":32,"column":74},"end":{"line":null,"column":-1}}]}},"s":{"0":0,"1":0,"2":0,"3":0,"4":0,"5":0,"6":0,"7":0,"8":0,"9":0,"10":0,"11":0,"12":0,"13":0,"14":0},"f":{"0":0,"1":0},"b":{"0":[0,0],"1":[0,0]}}
,"/Users/Sean/Desktop/sushi-commerce/src/layouts/index.js": {"path":"/Users/Sean/Desktop/sushi-commerce/src/layouts/index.js","statementMap":{"0":{"start":{"line":2,"column":0},"end":{"line":null,"column":-1}},"1":{"start":{"line":3,"column":0},"end":{"line":null,"column":-1}},"2":{"start":{"line":4,"column":0},"end":{"line":null,"column":-1}},"3":{"start":{"line":5,"column":0},"end":{"line":null,"column":-1}},"4":{"start":{"line":6,"column":0},"end":{"line":null,"column":-1}},"5":{"start":{"line":49,"column":8},"end":{"line":41,"column":11}},"6":{"start":{"line":41,"column":11},"end":{"line":41,"column":10}},"7":{"start":{"line":51,"column":24},"end":{"line":51,"column":4}},"8":{"start":{"line":55,"column":4},"end":{"line":null,"column":-1}},"9":{"start":{"line":75,"column":13},"end":{"line":75,"column":7}}},"fnMap":{},"branchMap":{},"s":{"0":0,"1":0,"2":0,"3":0,"4":0,"5":0,"6":0,"7":0,"8":0,"9":0},"f":{},"b":{}}
,"/Users/Sean/Desktop/sushi-commerce/src/pages/contact.js": {"path":"/Users/Sean/Desktop/sushi-commerce/src/pages/contact.js","statementMap":{"0":{"start":{"line":2,"column":0},"end":{"line":null,"column":-1}},"1":{"start":{"line":3,"column":0},"end":{"line":null,"column":-1}},"2":{"start":{"line":4,"column":0},"end":{"line":null,"column":-1}},"3":{"start":{"line":5,"column":0},"end":{"line":null,"column":-1}},"4":{"start":{"line":7,"column":14},"end":{"line":7,"column":0}},"5":{"start":{"line":8,"column":27},"end":{"line":8,"column":2}},"6":{"start":{"line":16,"column":33},"end":{"line":16,"column":2}},"7":{"start":{"line":20,"column":27},"end":{"line":20,"column":2}},"8":{"start":{"line":24,"column":19},"end":{"line":24,"column":2}},"9":{"start":{"line":26,"column":2},"end":{"line":null,"column":-1}}},"fnMap":{"0":{"name":"Contact","decl":{"start":{"line":7,"column":4},"end":{"line":7,"column":14}},"loc":{"start":{"line":7,"column":20},"end":{"line":7,"column":0}}}},"branchMap":{},"s":{"0":0,"1":0,"2":0,"3":0,"4":0,"5":0,"6":0,"7":0,"8":0,"9":0},"f":{"0":0},"b":{}}
,"/Users/Sean/Desktop/sushi-commerce/src/pages/index.js": {"path":"/Users/Sean/Desktop/sushi-commerce/src/pages/index.js","statementMap":{"0":{"start":{"line":41,"column":12},"end":{"line":54,"column":1}},"1":{"start":{"line":44,"column":6},"end":{"line":44,"column":10}},"2":{"start":{"line":46,"column":2},"end":{"line":53,"column":4}},"3":{"start":{"line":60,"column":19},"end":{"line":89,"column":1}}},"fnMap":{"0":{"name":"(anonymous_0)","decl":{"start":{"line":41,"column":12},"end":{"line":41,"column":13}},"loc":{"start":{"line":41,"column":33},"end":{"line":54,"column":1}},"line":41}},"branchMap":{},"s":{"0":1,"1":0,"2":0,"3":1},"f":{"0":0},"b":{},"_coverageSchema":"332fd63041d2c1bcb487cc26dd0d5f7d97098a6c","hash":"ec8e5b51a2ba0a22b8bb853de8b7dd4d7f47fd3b"}
,"/Users/Sean/Desktop/sushi-commerce/src/pages/posts/index.js": {"path":"/Users/Sean/Desktop/sushi-commerce/src/pages/posts/index.js","statementMap":{"0":{"start":{"line":2,"column":0},"end":{"line":null,"column":-1}},"1":{"start":{"line":3,"column":0},"end":{"line":null,"column":-1}},"2":{"start":{"line":4,"column":0},"end":{"line":null,"column":-1}},"3":{"start":{"line":5,"column":0},"end":{"line":null,"column":-1}},"4":{"start":{"line":6,"column":0},"end":{"line":null,"column":-1}},"5":{"start":{"line":32,"column":14},"end":{"line":32,"column":0}},"6":{"start":{"line":32,"column":31},"end":{"line":32,"column":30}},"7":{"start":{"line":33,"column":22},"end":{"line":33,"column":2}},"8":{"start":{"line":37,"column":2},"end":{"line":null,"column":-1}},"9":{"start":{"line":40,"column":9},"end":{"line":40,"column":0}},"10":{"start":{"line":40,"column":21},"end":{"line":40,"column":20}},"11":{"start":{"line":41,"column":2},"end":{"line":null,"column":-1}},"12":{"start":{"line":46,"column":4},"end":{"line":null,"column":-1}},"13":{"start":{"line":56,"column":10},"end":{"line":46,"column":31}},"14":{"start":{"line":46,"column":31},"end":{"line":46,"column":30}},"15":{"start":{"line":58,"column":32},"end":{"line":58,"column":6}},"16":{"start":{"line":62,"column":26},"end":{"line":62,"column":6}},"17":{"start":{"line":66,"column":6},"end":{"line":null,"column":-1}},"18":{"start":{"line":80,"column":8},"end":{"line":77,"column":11}},"19":{"start":{"line":82,"column":30},"end":{"line":82,"column":4}},"20":{"start":{"line":92,"column":24},"end":{"line":92,"column":4}},"21":{"start":{"line":97,"column":29},"end":{"line":97,"column":4}},"22":{"start":{"line":104,"column":21},"end":{"line":104,"column":4}},"23":{"start":{"line":106,"column":4},"end":{"line":null,"column":-1}},"24":{"start":{"line":119,"column":11},"end":{"line":119,"column":7}}},"fnMap":{"0":{"name":"Excerpt","decl":{"start":{"line":32,"column":4},"end":{"line":32,"column":14}},"loc":{"start":{"line":32,"column":31},"end":{"line":32,"column":0}}},"1":{"name":"To","decl":{"start":{"line":40,"column":4},"end":{"line":40,"column":9}},"loc":{"start":{"line":40,"column":21},"end":{"line":40,"column":0}}},"2":{"name":"(anonymous_14)","decl":{"start":{"line":46,"column":21},"end":{"line":46,"column":21}},"loc":{"start":{"line":46,"column":31},"end":{"line":46,"column":11}}}},"branchMap":{},"s":{"0":0,"1":0,"2":0,"3":0,"4":0,"5":0,"6":0,"7":0,"8":0,"9":0,"10":0,"11":0,"12":0,"13":0,"14":0,"15":0,"16":0,"17":0,"18":0,"19":0,"20":0,"21":0,"22":0,"23":0,"24":0},"f":{"0":0,"1":0,"2":0},"b":{}}
,"/Users/Sean/Desktop/sushi-commerce/src/pages/products/index.js": {"path":"/Users/Sean/Desktop/sushi-commerce/src/pages/products/index.js","statementMap":{"0":{"start":{"line":2,"column":0},"end":{"line":null,"column":-1}},"1":{"start":{"line":3,"column":0},"end":{"line":null,"column":-1}},"2":{"start":{"line":4,"column":0},"end":{"line":null,"column":-1}},"3":{"start":{"line":5,"column":0},"end":{"line":null,"column":-1}},"4":{"start":{"line":6,"column":0},"end":{"line":null,"column":-1}},"5":{"start":{"line":7,"column":0},"end":{"line":null,"column":-1}},"6":{"start":{"line":36,"column":4},"end":{"line":null,"column":-1}},"7":{"start":{"line":46,"column":10},"end":{"line":36,"column":37}},"8":{"start":{"line":36,"column":37},"end":{"line":36,"column":36}},"9":{"start":{"line":48,"column":32},"end":{"line":48,"column":6}},"10":{"start":{"line":52,"column":26},"end":{"line":52,"column":6}},"11":{"start":{"line":56,"column":24},"end":{"line":56,"column":6}},"12":{"start":{"line":60,"column":6},"end":{"line":null,"column":-1}},"13":{"start":{"line":73,"column":8},"end":{"line":70,"column":11}},"14":{"start":{"line":75,"column":29},"end":{"line":75,"column":4}},"15":{"start":{"line":85,"column":21},"end":{"line":85,"column":4}},"16":{"start":{"line":87,"column":35},"end":{"line":87,"column":4}},"17":{"start":{"line":91,"column":29},"end":{"line":91,"column":4}},"18":{"start":{"line":96,"column":4},"end":{"line":null,"column":-1}},"19":{"start":{"line":112,"column":11},"end":{"line":112,"column":7}}},"fnMap":{"0":{"name":"(anonymous_12)","decl":{"start":{"line":36,"column":24},"end":{"line":36,"column":24}},"loc":{"start":{"line":36,"column":37},"end":{"line":36,"column":11}}}},"branchMap":{},"s":{"0":0,"1":0,"2":0,"3":0,"4":0,"5":0,"6":0,"7":0,"8":0,"9":0,"10":0,"11":0,"12":0,"13":0,"14":0,"15":0,"16":0,"17":0,"18":0,"19":0},"f":{"0":0},"b":{}}
,"/Users/Sean/Desktop/sushi-commerce/src/templates/page.js": {"path":"/Users/Sean/Desktop/sushi-commerce/src/templates/page.js","statementMap":{"0":{"start":{"line":2,"column":0},"end":{"line":null,"column":-1}},"1":{"start":{"line":3,"column":0},"end":{"line":null,"column":-1}},"2":{"start":{"line":4,"column":0},"end":{"line":null,"column":-1}},"3":{"start":{"line":5,"column":0},"end":{"line":null,"column":-1}},"4":{"start":{"line":6,"column":0},"end":{"line":null,"column":-1}},"5":{"start":{"line":25,"column":11},"end":{"line":25,"column":0}},"6":{"start":{"line":25,"column":32},"end":{"line":25,"column":31}},"7":{"start":{"line":32,"column":6},"end":{"line":25,"column":32}},"8":{"start":{"line":34,"column":22},"end":{"line":34,"column":2}},"9":{"start":{"line":40,"column":27},"end":{"line":40,"column":2}},"10":{"start":{"line":44,"column":2},"end":{"line":null,"column":-1}},"11":{"start":{"line":59,"column":11},"end":{"line":59,"column":7}}},"fnMap":{"0":{"name":"Page","decl":{"start":{"line":25,"column":4},"end":{"line":25,"column":11}},"loc":{"start":{"line":25,"column":32},"end":{"line":25,"column":0}}}},"branchMap":{},"s":{"0":0,"1":0,"2":0,"3":0,"4":0,"5":0,"6":0,"7":0,"8":0,"9":0,"10":0,"11":0},"f":{"0":0},"b":{}}
,"/Users/Sean/Desktop/sushi-commerce/src/templates/post.js": {"path":"/Users/Sean/Desktop/sushi-commerce/src/templates/post.js","statementMap":{"0":{"start":{"line":2,"column":0},"end":{"line":null,"column":-1}},"1":{"start":{"line":3,"column":0},"end":{"line":null,"column":-1}},"2":{"start":{"line":4,"column":0},"end":{"line":null,"column":-1}},"3":{"start":{"line":5,"column":0},"end":{"line":null,"column":-1}},"4":{"start":{"line":6,"column":0},"end":{"line":null,"column":-1}},"5":{"start":{"line":7,"column":0},"end":{"line":null,"column":-1}},"6":{"start":{"line":8,"column":0},"end":{"line":null,"column":-1}},"7":{"start":{"line":30,"column":11},"end":{"line":30,"column":0}},"8":{"start":{"line":30,"column":32},"end":{"line":30,"column":31}},"9":{"start":{"line":43,"column":6},"end":{"line":30,"column":32}},"10":{"start":{"line":45,"column":6},"end":{"line":45,"column":2}},"11":{"start":{"line":48,"column":2},"end":{"line":50,"column":3}},"12":{"start":{"line":49,"column":4},"end":{"line":null,"column":-1}},"13":{"start":{"line":52,"column":22},"end":{"line":52,"column":2}},"14":{"start":{"line":57,"column":27},"end":{"line":57,"column":2}},"15":{"start":{"line":61,"column":2},"end":{"line":null,"column":-1}},"16":{"start":{"line":83,"column":11},"end":{"line":83,"column":7}}},"fnMap":{"0":{"name":"Post","decl":{"start":{"line":30,"column":4},"end":{"line":30,"column":11}},"loc":{"start":{"line":30,"column":32},"end":{"line":30,"column":0}}}},"branchMap":{"0":{"loc":{"start":{"line":48,"column":2},"end":{"line":50,"column":3}},"type":"if","locations":[{"start":{"line":48,"column":2},"end":{"line":50,"column":3}},{"start":{"line":48,"column":2},"end":{"line":50,"column":3}}]}},"s":{"0":0,"1":0,"2":0,"3":0,"4":0,"5":0,"6":0,"7":0,"8":0,"9":0,"10":0,"11":0,"12":0,"13":0,"14":0,"15":0,"16":0},"f":{"0":0},"b":{"0":[0,0]}}
,"/Users/Sean/Desktop/sushi-commerce/src/templates/product.js": {"path":"/Users/Sean/Desktop/sushi-commerce/src/templates/product.js","statementMap":{"0":{"start":{"line":2,"column":0},"end":{"line":null,"column":-1}},"1":{"start":{"line":3,"column":0},"end":{"line":null,"column":-1}},"2":{"start":{"line":4,"column":0},"end":{"line":null,"column":-1}},"3":{"start":{"line":5,"column":0},"end":{"line":null,"column":-1}},"4":{"start":{"line":6,"column":0},"end":{"line":null,"column":-1}},"5":{"start":{"line":7,"column":0},"end":{"line":null,"column":-1}},"6":{"start":{"line":8,"column":0},"end":{"line":null,"column":-1}},"7":{"start":{"line":9,"column":0},"end":{"line":null,"column":-1}},"8":{"start":{"line":10,"column":0},"end":{"line":null,"column":-1}},"9":{"start":{"line":36,"column":14},"end":{"line":36,"column":0}},"10":{"start":{"line":36,"column":35},"end":{"line":36,"column":34}},"11":{"start":{"line":53,"column":6},"end":{"line":36,"column":35}},"12":{"start":{"line":55,"column":6},"end":{"line":55,"column":2}},"13":{"start":{"line":58,"column":2},"end":{"line":60,"column":3}},"14":{"start":{"line":59,"column":4},"end":{"line":null,"column":-1}},"15":{"start":{"line":62,"column":22},"end":{"line":62,"column":2}},"16":{"start":{"line":69,"column":33},"end":{"line":69,"column":2}},"17":{"start":{"line":73,"column":27},"end":{"line":73,"column":2}},"18":{"start":{"line":77,"column":2},"end":{"line":null,"column":-1}},"19":{"start":{"line":105,"column":11},"end":{"line":105,"column":7}}},"fnMap":{"0":{"name":"Product","decl":{"start":{"line":36,"column":4},"end":{"line":36,"column":14}},"loc":{"start":{"line":36,"column":35},"end":{"line":36,"column":0}}}},"branchMap":{"0":{"loc":{"start":{"line":58,"column":2},"end":{"line":60,"column":3}},"type":"if","locations":[{"start":{"line":58,"column":2},"end":{"line":60,"column":3}},{"start":{"line":58,"column":2},"end":{"line":60,"column":3}}]}},"s":{"0":0,"1":0,"2":0,"3":0,"4":0,"5":0,"6":0,"7":0,"8":0,"9":0,"10":0,"11":0,"12":0,"13":0,"14":0,"15":0,"16":0,"17":0,"18":0,"19":0},"f":{"0":0},"b":{"0":[0,0]}}
}
