TN:
SF:/Users/Sean/Desktop/sushi-commerce/src/test-utils.js
FN:6,renderWithRouter
FN:9,(anonymous_1)
FN:10,(anonymous_2)
FNF:3
FNH:1
FNDA:1,renderWithRouter
FNDA:0,(anonymous_1)
FNDA:0,(anonymous_2)
DA:7,1
DA:8,1
DA:9,1
DA:10,0
DA:11,1
LF:5
LH:4
BRDA:6,0,0,1
BRDA:6,1,0,1
BRF:2
BRH:2
end_of_record
TN:
SF:/Users/Sean/Desktop/sushi-commerce/src/types.js
FNF:0
FNH:0
LF:0
LH:0
BRF:0
BRH:0
end_of_record
TN:
SF:/Users/Sean/Desktop/sushi-commerce/src/utils.js
FN:5,(anonymous_0)
FN:54,(anonymous_1)
FN:55,(anonymous_2)
FN:57,(anonymous_3)
FN:96,(anonymous_4)
FN:100,(anonymous_5)
FN:133,(anonymous_6)
FN:135,(anonymous_7)
FN:139,(anonymous_8)
FN:150,(anonymous_9)
FN:156,(anonymous_10)
FN:157,(anonymous_11)
FN:160,(anonymous_12)
FN:172,(anonymous_13)
FN:173,(anonymous_14)
FN:174,(anonymous_15)
FN:176,(anonymous_16)
FN:177,(anonymous_17)
FNF:18
FNH:11
FNDA:24,(anonymous_0)
FNDA:6,(anonymous_1)
FNDA:6,(anonymous_2)
FNDA:18,(anonymous_3)
FNDA:30,(anonymous_4)
FNDA:18,(anonymous_5)
FNDA:17,(anonymous_6)
FNDA:30,(anonymous_7)
FNDA:13,(anonymous_8)
FNDA:5,(anonymous_9)
FNDA:0,(anonymous_10)
FNDA:0,(anonymous_11)
FNDA:2,(anonymous_12)
FNDA:0,(anonymous_13)
FNDA:0,(anonymous_14)
FNDA:0,(anonymous_15)
FNDA:0,(anonymous_16)
FNDA:0,(anonymous_17)
DA:5,3
DA:6,24
DA:8,0
DA:10,2
DA:12,5
DA:14,6
DA:16,0
DA:18,3
DA:20,0
DA:22,0
DA:24,0
DA:26,0
DA:28,0
DA:30,0
DA:32,0
DA:34,0
DA:36,0
DA:38,0
DA:40,2
DA:42,0
DA:44,6
DA:46,0
DA:50,0
DA:54,3
DA:55,6
DA:56,6
DA:57,18
DA:62,6
DA:64,0
DA:66,0
DA:68,0
DA:70,0
DA:72,0
DA:74,0
DA:76,0
DA:78,0
DA:80,0
DA:82,6
DA:84,0
DA:86,0
DA:88,0
DA:92,0
DA:96,3
DA:97,30
DA:98,24
DA:100,18
DA:101,6
DA:103,0
DA:107,0
DA:133,3
DA:134,17
DA:136,30
DA:137,30
DA:140,13
DA:151,5
DA:152,5
DA:156,3
DA:157,0
DA:160,3
DA:161,2
DA:164,2
DA:167,2
DA:172,3
DA:173,3
DA:174,3
DA:175,0
DA:176,3
DA:177,3
LF:68
LH:36
BRDA:6,0,0,0
BRDA:6,0,1,2
BRDA:6,0,2,5
BRDA:6,0,3,6
BRDA:6,0,4,0
BRDA:6,0,5,3
BRDA:6,0,6,0
BRDA:6,0,7,0
BRDA:6,0,8,0
BRDA:6,0,9,0
BRDA:6,0,10,0
BRDA:6,0,11,0
BRDA:6,0,12,0
BRDA:6,0,13,0
BRDA:6,0,14,0
BRDA:6,0,15,0
BRDA:6,0,16,2
BRDA:6,0,17,0
BRDA:6,0,18,6
BRDA:6,0,19,0
BRDA:62,1,0,0
BRDA:62,1,1,0
BRDA:62,1,2,0
BRDA:62,1,3,0
BRDA:62,1,4,0
BRDA:62,1,5,0
BRDA:62,1,6,0
BRDA:62,1,7,0
BRDA:62,1,8,0
BRDA:62,1,9,6
BRDA:62,1,10,0
BRDA:62,1,11,0
BRDA:62,1,12,0
BRDA:97,2,0,24
BRDA:97,2,1,6
BRDA:100,3,0,6
BRDA:100,3,1,0
BRDA:100,4,0,6
BRDA:100,4,1,6
BRDA:152,5,0,4
BRDA:152,5,1,1
BRDA:172,6,0,0
BRDA:172,6,1,0
BRDA:173,7,0,0
BRDA:173,7,1,0
BRDA:175,8,0,0
BRDA:175,8,1,0
BRDA:176,9,0,0
BRDA:176,9,1,0
BRDA:177,10,0,0
BRDA:177,10,1,0
BRF:51
BRH:14
end_of_record
TN:
SF:/Users/Sean/Desktop/sushi-commerce/src/cms/data-table.js
FN:5,DataSection
FN:56,DataTable
FN:58,(anonymous_3)
FNF:3
FNH:0
FNDA:0,DataSection
FNDA:0,DataTable
FNDA:0,(anonymous_3)
DA:2,0
DA:5,0
DA:6,0
DA:18,0
DA:29,0
DA:37,0
DA:39,0
DA:56,0
DA:58,0
DA:59,0
DA:62,0
DA:70,0
LF:12
LH:0
BRF:0
BRH:0
end_of_record
TN:
SF:/Users/Sean/Desktop/sushi-commerce/src/cms/index.js
FNF:0
FNH:0
DA:1,0
DA:2,0
DA:11,0
DA:14,0
DA:15,0
DA:16,0
DA:17,0
DA:18,0
DA:19,0
DA:20,0
DA:23,0
LF:11
LH:0
BRF:0
BRH:0
end_of_record
TN:
SF:/Users/Sean/Desktop/sushi-commerce/src/cms/previews.js
FN:28,PostPreview
FN:58,ProductPreview
FN:104,PagePreview
FN:131,LandingPagePreview
FN:165,(anonymous_5)
FN:174,(anonymous_6)
FN:193,NavigationPreview
FN:198,(anonymous_8)
FN:230,StoreDetailsPreview
FN:235,(anonymous_10)
FN:245,(anonymous_11)
FNF:11
FNH:0
FNDA:0,PostPreview
FNDA:0,ProductPreview
FNDA:0,PagePreview
FNDA:0,LandingPagePreview
FNDA:0,(anonymous_5)
FNDA:0,(anonymous_6)
FNDA:0,NavigationPreview
FNDA:0,(anonymous_8)
FNDA:0,StoreDetailsPreview
FNDA:0,(anonymous_10)
FNDA:0,(anonymous_11)
DA:2,0
DA:3,0
DA:4,0
DA:5,0
DA:6,0
DA:7,0
DA:8,0
DA:28,0
DA:30,0
DA:49,0
DA:58,0
DA:62,0
DA:64,0
DA:92,0
DA:95,0
DA:104,0
DA:106,0
DA:122,0
DA:131,0
DA:135,0
DA:137,0
DA:166,0
DA:175,0
DA:185,0
DA:193,0
DA:196,0
DA:198,0
DA:199,0
DA:202,0
DA:206,0
DA:222,0
DA:230,0
DA:233,0
DA:235,0
DA:236,0
DA:239,0
DA:243,0
DA:245,0
DA:248,0
DA:284,0
LF:40
LH:0
BRDA:213,0,0,0
BRDA:213,0,1,0
BRF:2
BRH:0
end_of_record
TN:
SF:/Users/Sean/Desktop/sushi-commerce/src/components/about.js
FN:12,(anonymous_0)
FN:21,(anonymous_1)
FNF:2
FNH:0
FNDA:0,(anonymous_0)
FNDA:0,(anonymous_1)
DA:12,1
DA:13,0
DA:15,0
DA:21,0
DA:23,0
DA:27,0
DA:33,0
DA:37,0
DA:41,0
DA:46,0
LF:10
LH:1
BRF:0
BRH:0
end_of_record
TN:
SF:/Users/Sean/Desktop/sushi-commerce/src/components/banner.js
FN:22,(anonymous_0)
FNF:1
FNH:0
FNDA:0,(anonymous_0)
DA:22,1
DA:29,0
DA:31,0
DA:60,0
DA:62,0
DA:66,0
DA:79,0
DA:86,0
DA:93,0
DA:100,0
DA:105,0
LF:11
LH:1
BRF:0
BRH:0
end_of_record
TN:
SF:/Users/Sean/Desktop/sushi-commerce/src/components/buttons.js
FN:240,BackButton
FNF:1
FNH:0
FNDA:0,BackButton
DA:3,0
DA:4,0
DA:8,0
DA:9,0
DA:21,0
DA:29,0
DA:35,0
DA:40,0
DA:51,0
DA:52,0
DA:56,0
DA:69,0
DA:73,0
DA:77,0
DA:88,0
DA:92,0
DA:105,0
DA:107,0
DA:112,0
DA:130,0
DA:132,0
DA:143,0
DA:164,0
DA:179,0
DA:181,0
DA:202,0
DA:204,0
DA:209,0
DA:214,0
DA:216,0
DA:230,0
DA:240,0
LF:32
LH:0
BRF:0
BRH:0
end_of_record
TN:
SF:/Users/Sean/Desktop/sushi-commerce/src/components/contact-form.js
FN:5,(anonymous_0)
FN:13,(anonymous_1)
FN:44,(anonymous_2)
FN:58,(anonymous_3)
FN:66,(anonymous_4)
FN:94,(anonymous_5)
FN:96,(anonymous_6)
FN:124,(anonymous_7)
FN:126,(anonymous_8)
FN:130,(anonymous_9)
FN:147,(anonymous_10)
FN:149,(anonymous_11)
FN:151,(anonymous_12)
FN:163,(anonymous_13)
FN:164,(anonymous_14)
FN:167,(anonymous_15)
FNF:16
FNH:16
FNDA:17,(anonymous_0)
FNDA:18,(anonymous_1)
FNDA:6,(anonymous_2)
FNDA:2,(anonymous_3)
FNDA:18,(anonymous_4)
FNDA:3,(anonymous_5)
FNDA:16,(anonymous_6)
FNDA:3,(anonymous_7)
FNDA:8,(anonymous_8)
FNDA:16,(anonymous_9)
FNDA:6,(anonymous_10)
FNDA:3,(anonymous_11)
FNDA:2,(anonymous_12)
FNDA:2,(anonymous_13)
FNDA:2,(anonymous_14)
FNDA:16,(anonymous_15)
DA:5,1
DA:8,17
DA:10,17
DA:13,1
DA:14,18
DA:16,18
DA:45,6
DA:46,6
DA:47,6
DA:49,6
DA:51,6
DA:52,1
DA:53,1
DA:59,2
DA:61,2
DA:62,2
DA:67,18
DA:68,18
DA:70,18
DA:94,3
DA:97,16
DA:98,16
DA:124,1
DA:125,3
DA:126,8
DA:130,1
DA:131,16
DA:147,6
DA:149,3
DA:152,2
DA:153,2
DA:154,2
DA:163,2
DA:164,2
DA:168,16
DA:169,16
LF:36
LH:36
BRDA:14,0,0,2
BRDA:14,0,1,16
BRDA:51,1,0,1
BRDA:51,1,1,5
BRDA:52,2,0,1
BRDA:52,2,1,0
BRDA:61,3,0,2
BRDA:61,3,1,0
BRF:8
BRH:6
end_of_record
TN:
SF:/Users/Sean/Desktop/sushi-commerce/src/components/date.js
FN:5,Date
FNF:1
FNH:0
FNDA:0,Date
DA:2,0
DA:3,0
DA:5,0
DA:6,0
DA:11,0
DA:16,0
LF:6
LH:0
BRF:0
BRH:0
end_of_record
TN:
SF:/Users/Sean/Desktop/sushi-commerce/src/components/features.js
FN:9,(anonymous_0)
FN:18,(anonymous_1)
FN:31,(anonymous_2)
FN:66,(anonymous_3)
FN:67,(anonymous_4)
FN:107,(anonymous_5)
FNF:6
FNH:0
FNDA:0,(anonymous_0)
FNDA:0,(anonymous_1)
FNDA:0,(anonymous_2)
FNDA:0,(anonymous_3)
FNDA:0,(anonymous_4)
FNDA:0,(anonymous_5)
DA:10,0
DA:13,0
DA:15,0
DA:18,0
DA:19,0
DA:28,0
DA:32,0
DA:34,0
DA:38,0
DA:44,0
DA:67,0
DA:68,0
DA:70,0
DA:74,0
DA:80,0
DA:85,0
DA:87,0
DA:92,0
DA:108,0
DA:110,0
DA:114,0
DA:120,0
DA:124,0
LF:23
LH:0
BRDA:13,0,0,0
BRDA:13,0,1,0
BRF:2
BRH:0
end_of_record
TN:
SF:/Users/Sean/Desktop/sushi-commerce/src/components/footer.js
FN:18,(anonymous_0)
FN:32,(anonymous_1)
FN:33,(anonymous_2)
FN:74,(anonymous_3)
FN:82,(anonymous_4)
FN:104,(anonymous_5)
FNF:6
FNH:6
FNDA:3,(anonymous_0)
FNDA:3,(anonymous_1)
FNDA:6,(anonymous_2)
FNDA:6,(anonymous_3)
FNDA:3,(anonymous_4)
FNDA:4,(anonymous_5)
DA:15,1
DA:16,1
DA:18,1
DA:19,3
DA:22,3
DA:24,3
DA:32,1
DA:33,3
DA:34,6
DA:38,6
DA:43,6
DA:46,6
DA:48,6
DA:52,6
DA:64,3
DA:72,3
DA:75,6
DA:76,6
DA:82,1
DA:83,3
DA:89,3
DA:93,3
DA:105,4
DA:106,4
DA:118,4
LF:25
LH:25
BRF:0
BRH:0
end_of_record
TN:
SF:/Users/Sean/Desktop/sushi-commerce/src/components/header.js
FN:11,(anonymous_0)
FN:25,(anonymous_1)
FN:66,(anonymous_2)
FN:128,(anonymous_3)
FN:132,(anonymous_4)
FN:157,(anonymous_5)
FN:205,(anonymous_6)
FN:215,(anonymous_7)
FN:220,(anonymous_8)
FNF:9
FNH:7
FNDA:1,(anonymous_0)
FNDA:1,(anonymous_1)
FNDA:2,(anonymous_2)
FNDA:1,(anonymous_3)
FNDA:2,(anonymous_4)
FNDA:1,(anonymous_5)
FNDA:0,(anonymous_6)
FNDA:0,(anonymous_7)
FNDA:1,(anonymous_8)
DA:11,1
DA:12,1
DA:25,1
DA:28,1
DA:30,1
DA:35,1
DA:42,1
DA:66,1
DA:72,2
DA:74,2
DA:76,2
DA:86,2
DA:92,2
DA:97,2
DA:128,1
DA:132,1
DA:133,2
DA:135,2
DA:139,2
DA:146,1
DA:157,1
DA:158,1
DA:163,1
DA:209,0
DA:210,0
DA:217,0
DA:221,1
DA:222,1
DA:223,1
DA:225,1
LF:30
LH:27
BRDA:28,0,0,0
BRDA:28,0,1,1
BRDA:68,1,0,0
BRDA:69,2,0,1
BRDA:223,3,0,0
BRDA:223,3,1,1
BRF:6
BRH:3
end_of_record
TN:
SF:/Users/Sean/Desktop/sushi-commerce/src/components/html.js
FN:13,Html
FNF:1
FNH:0
FNDA:0,Html
DA:2,0
DA:3,0
DA:13,0
DA:18,0
DA:19,0
DA:20,0
DA:27,0
LF:7
LH:0
BRDA:15,0,0,0
BRDA:15,0,1,0
BRDA:16,1,0,0
BRDA:16,1,1,0
BRDA:17,2,0,0
BRDA:17,2,1,0
BRDA:19,3,0,0
BRDA:19,3,1,0
BRF:8
BRH:0
end_of_record
TN:
SF:/Users/Sean/Desktop/sushi-commerce/src/components/images.js
FN:16,FeaturedImage
FN:44,GridImage
FNF:2
FNH:0
FNDA:0,FeaturedImage
FNDA:0,GridImage
DA:2,0
DA:3,0
DA:4,0
DA:6,0
DA:16,0
DA:21,0
DA:23,0
DA:24,0
DA:26,0
DA:30,0
DA:34,0
DA:44,0
DA:46,0
DA:47,0
LF:14
LH:0
BRDA:18,0,0,0
BRDA:18,0,1,0
BRDA:19,1,0,0
BRDA:19,1,1,0
BRDA:20,2,0,0
BRDA:20,2,1,0
BRDA:23,3,0,0
BRDA:23,3,1,0
BRDA:23,4,0,0
BRDA:23,4,1,0
BRF:10
BRH:0
end_of_record
TN:
SF:/Users/Sean/Desktop/sushi-commerce/src/components/price.js
FN:10,Price
FNF:1
FNH:0
FNDA:0,Price
DA:2,0
DA:3,0
DA:10,0
DA:11,0
DA:13,0
LF:5
LH:0
BRDA:10,0,0,0
BRDA:10,0,1,0
BRF:2
BRH:0
end_of_record
TN:
SF:/Users/Sean/Desktop/sushi-commerce/src/components/tags.js
FN:8,Tag
FN:19,(anonymous_11)
FNF:2
FNH:0
FNDA:0,Tag
FNDA:0,(anonymous_11)
DA:2,0
DA:8,0
DA:9,0
DA:11,0
DA:19,0
DA:20,0
DA:25,0
DA:27,0
LF:8
LH:0
BRF:0
BRH:0
end_of_record
TN:
SF:/Users/Sean/Desktop/sushi-commerce/src/components/testimonials.js
FN:15,(anonymous_0)
FN:40,(anonymous_1)
FN:41,(anonymous_2)
FN:47,(anonymous_3)
FNF:4
FNH:0
FNDA:0,(anonymous_0)
FNDA:0,(anonymous_1)
FNDA:0,(anonymous_2)
FNDA:0,(anonymous_3)
DA:15,1
DA:16,0
DA:20,0
DA:24,0
DA:26,0
DA:28,0
DA:41,0
DA:42,0
DA:43,0
DA:48,0
DA:50,0
DA:54,0
DA:59,0
DA:63,0
DA:69,0
LF:15
LH:1
BRF:0
BRH:0
end_of_record
TN:
SF:/Users/Sean/Desktop/sushi-commerce/src/components/titles.js
FN:11,PageTitle
FN:32,GridTitle
FNF:2
FNH:0
FNDA:0,PageTitle
FNDA:0,GridTitle
DA:2,0
DA:3,0
DA:4,0
DA:11,0
DA:12,0
DA:17,0
DA:19,0
DA:32,0
DA:33,0
DA:36,0
DA:42,0
LF:11
LH:0
BRDA:11,0,0,0
BRDA:11,0,1,0
BRDA:32,1,0,0
BRDA:32,1,1,0
BRF:4
BRH:0
end_of_record
TN:
SF:/Users/Sean/Desktop/sushi-commerce/src/layouts/index.js
FNF:0
FNH:0
DA:2,0
DA:3,0
DA:4,0
DA:5,0
DA:6,0
DA:41,0
DA:49,0
DA:51,0
DA:55,0
DA:75,0
LF:10
LH:0
BRF:0
BRH:0
end_of_record
TN:
SF:/Users/Sean/Desktop/sushi-commerce/src/pages/contact.js
FN:7,Contact
FNF:1
FNH:0
FNDA:0,Contact
DA:2,0
DA:3,0
DA:4,0
DA:5,0
DA:7,0
DA:8,0
DA:16,0
DA:20,0
DA:24,0
DA:26,0
LF:10
LH:0
BRF:0
BRH:0
end_of_record
TN:
SF:/Users/Sean/Desktop/sushi-commerce/src/pages/index.js
FN:41,(anonymous_0)
FNF:1
FNH:0
FNDA:0,(anonymous_0)
DA:41,1
DA:44,0
DA:46,0
DA:60,1
LF:4
LH:2
BRF:0
BRH:0
end_of_record
TN:
SF:/Users/Sean/Desktop/sushi-commerce/src/pages/posts/index.js
FN:32,Excerpt
FN:40,To
FN:46,(anonymous_14)
FNF:3
FNH:0
FNDA:0,Excerpt
FNDA:0,To
FNDA:0,(anonymous_14)
DA:2,0
DA:3,0
DA:4,0
DA:5,0
DA:6,0
DA:32,0
DA:33,0
DA:37,0
DA:40,0
DA:41,0
DA:46,0
DA:56,0
DA:58,0
DA:62,0
DA:66,0
DA:80,0
DA:82,0
DA:92,0
DA:97,0
DA:104,0
DA:106,0
DA:119,0
LF:22
LH:0
BRF:0
BRH:0
end_of_record
TN:
SF:/Users/Sean/Desktop/sushi-commerce/src/pages/products/index.js
FN:36,(anonymous_12)
FNF:1
FNH:0
FNDA:0,(anonymous_12)
DA:2,0
DA:3,0
DA:4,0
DA:5,0
DA:6,0
DA:7,0
DA:36,0
DA:46,0
DA:48,0
DA:52,0
DA:56,0
DA:60,0
DA:73,0
DA:75,0
DA:85,0
DA:87,0
DA:91,0
DA:96,0
DA:112,0
LF:19
LH:0
BRF:0
BRH:0
end_of_record
TN:
SF:/Users/Sean/Desktop/sushi-commerce/src/templates/page.js
FN:25,Page
FNF:1
FNH:0
FNDA:0,Page
DA:2,0
DA:3,0
DA:4,0
DA:5,0
DA:6,0
DA:25,0
DA:32,0
DA:34,0
DA:40,0
DA:44,0
DA:59,0
LF:11
LH:0
BRF:0
BRH:0
end_of_record
TN:
SF:/Users/Sean/Desktop/sushi-commerce/src/templates/post.js
FN:30,Post
FNF:1
FNH:0
FNDA:0,Post
DA:2,0
DA:3,0
DA:4,0
DA:5,0
DA:6,0
DA:7,0
DA:8,0
DA:30,0
DA:43,0
DA:45,0
DA:48,0
DA:49,0
DA:52,0
DA:57,0
DA:61,0
DA:83,0
LF:16
LH:0
BRDA:48,0,0,0
BRDA:48,0,1,0
BRF:2
BRH:0
end_of_record
TN:
SF:/Users/Sean/Desktop/sushi-commerce/src/templates/product.js
FN:36,Product
FNF:1
FNH:0
FNDA:0,Product
DA:2,0
DA:3,0
DA:4,0
DA:5,0
DA:6,0
DA:7,0
DA:8,0
DA:9,0
DA:10,0
DA:36,0
DA:53,0
DA:55,0
DA:58,0
DA:59,0
DA:62,0
DA:69,0
DA:73,0
DA:77,0
DA:105,0
LF:19
LH:0
BRDA:58,0,0,0
BRDA:58,0,1,0
BRF:2
BRH:0
end_of_record
